{"/home/joyce/Documents/Projects/theJitu/shopie/api/src/config/database.connection.config.js": {"path":"/home/joyce/Documents/Projects/theJitu/shopie/api/src/config/database.connection.config.js","all":false,"statementMap":{"0":{"start":{"line":1,"column":0},"end":{"line":1,"column":28}},"1":{"start":{"line":2,"column":0},"end":{"line":2,"column":30}},"2":{"start":{"line":3,"column":0},"end":{"line":3,"column":33}},"3":{"start":{"line":4,"column":0},"end":{"line":4,"column":34}},"4":{"start":{"line":5,"column":0},"end":{"line":5,"column":24}},"5":{"start":{"line":6,"column":0},"end":{"line":6,"column":11}},"6":{"start":{"line":7,"column":0},"end":{"line":7,"column":16}},"7":{"start":{"line":8,"column":0},"end":{"line":8,"column":15}},"8":{"start":{"line":9,"column":0},"end":{"line":9,"column":32}},"9":{"start":{"line":10,"column":0},"end":{"line":10,"column":6}},"10":{"start":{"line":11,"column":0},"end":{"line":11,"column":14}},"11":{"start":{"line":12,"column":0},"end":{"line":12,"column":23}},"12":{"start":{"line":13,"column":0},"end":{"line":13,"column":36}},"13":{"start":{"line":14,"column":0},"end":{"line":14,"column":5}},"14":{"start":{"line":15,"column":0},"end":{"line":15,"column":1}}},"s":{"0":1,"1":1,"2":1,"3":1,"4":1,"5":1,"6":1,"7":1,"8":1,"9":1,"10":1,"11":1,"12":1,"13":1,"14":1},"branchMap":{},"b":{},"fnMap":{},"f":{}}
,"/home/joyce/Documents/Projects/theJitu/shopie/api/src/controller/auth.controller.js": {"path":"/home/joyce/Documents/Projects/theJitu/shopie/api/src/controller/auth.controller.js","all":false,"statementMap":{"0":{"start":{"line":1,"column":0},"end":{"line":1,"column":30}},"1":{"start":{"line":2,"column":0},"end":{"line":2,"column":32}},"2":{"start":{"line":3,"column":0},"end":{"line":3,"column":32}},"3":{"start":{"line":4,"column":0},"end":{"line":4,"column":35}},"4":{"start":{"line":5,"column":0},"end":{"line":5,"column":40}},"5":{"start":{"line":6,"column":0},"end":{"line":6,"column":0}},"6":{"start":{"line":7,"column":0},"end":{"line":7,"column":74}},"7":{"start":{"line":8,"column":0},"end":{"line":8,"column":69}},"8":{"start":{"line":9,"column":0},"end":{"line":9,"column":0}},"9":{"start":{"line":10,"column":0},"end":{"line":10,"column":53}},"10":{"start":{"line":11,"column":0},"end":{"line":11,"column":9}},"11":{"start":{"line":12,"column":0},"end":{"line":12,"column":8}},"12":{"start":{"line":13,"column":0},"end":{"line":13,"column":22}},"13":{"start":{"line":14,"column":0},"end":{"line":14,"column":85}},"14":{"start":{"line":15,"column":0},"end":{"line":15,"column":9}},"15":{"start":{"line":16,"column":0},"end":{"line":16,"column":4}},"16":{"start":{"line":17,"column":0},"end":{"line":17,"column":95}},"17":{"start":{"line":18,"column":0},"end":{"line":18,"column":124}},"18":{"start":{"line":19,"column":0},"end":{"line":19,"column":0}},"19":{"start":{"line":20,"column":0},"end":{"line":20,"column":18}},"20":{"start":{"line":21,"column":0},"end":{"line":21,"column":63}},"21":{"start":{"line":22,"column":0},"end":{"line":22,"column":9}},"22":{"start":{"line":23,"column":0},"end":{"line":23,"column":4}},"23":{"start":{"line":24,"column":0},"end":{"line":24,"column":51}},"24":{"start":{"line":25,"column":0},"end":{"line":25,"column":42}},"25":{"start":{"line":26,"column":0},"end":{"line":26,"column":18}},"26":{"start":{"line":27,"column":0},"end":{"line":27,"column":30}},"27":{"start":{"line":28,"column":0},"end":{"line":28,"column":44}},"28":{"start":{"line":29,"column":0},"end":{"line":29,"column":4}},"29":{"start":{"line":30,"column":0},"end":{"line":30,"column":49}},"30":{"start":{"line":31,"column":0},"end":{"line":31,"column":89}},"31":{"start":{"line":32,"column":0},"end":{"line":32,"column":9}},"32":{"start":{"line":33,"column":0},"end":{"line":33,"column":4}},"33":{"start":{"line":34,"column":0},"end":{"line":34,"column":45}},"34":{"start":{"line":35,"column":0},"end":{"line":35,"column":59}},"35":{"start":{"line":36,"column":0},"end":{"line":36,"column":4}},"36":{"start":{"line":37,"column":0},"end":{"line":37,"column":18}},"37":{"start":{"line":38,"column":0},"end":{"line":38,"column":18}},"38":{"start":{"line":39,"column":0},"end":{"line":39,"column":39}},"39":{"start":{"line":40,"column":0},"end":{"line":40,"column":37}},"40":{"start":{"line":41,"column":0},"end":{"line":41,"column":30}},"41":{"start":{"line":42,"column":0},"end":{"line":42,"column":43}},"42":{"start":{"line":43,"column":0},"end":{"line":43,"column":49}},"43":{"start":{"line":44,"column":0},"end":{"line":44,"column":37}},"44":{"start":{"line":45,"column":0},"end":{"line":45,"column":37}},"45":{"start":{"line":46,"column":0},"end":{"line":46,"column":8}},"46":{"start":{"line":47,"column":0},"end":{"line":47,"column":87}},"47":{"start":{"line":48,"column":0},"end":{"line":48,"column":0}},"48":{"start":{"line":49,"column":0},"end":{"line":49,"column":21}},"49":{"start":{"line":50,"column":0},"end":{"line":50,"column":90}},"50":{"start":{"line":51,"column":0},"end":{"line":51,"column":5}},"51":{"start":{"line":52,"column":0},"end":{"line":52,"column":1}},"52":{"start":{"line":53,"column":0},"end":{"line":53,"column":0}},"53":{"start":{"line":54,"column":0},"end":{"line":54,"column":42}},"54":{"start":{"line":55,"column":0},"end":{"line":55,"column":0}},"55":{"start":{"line":56,"column":0},"end":{"line":56,"column":9}},"56":{"start":{"line":57,"column":0},"end":{"line":57,"column":8}},"57":{"start":{"line":58,"column":0},"end":{"line":58,"column":22}},"58":{"start":{"line":59,"column":0},"end":{"line":59,"column":85}},"59":{"start":{"line":60,"column":0},"end":{"line":60,"column":9}},"60":{"start":{"line":61,"column":0},"end":{"line":61,"column":4}},"61":{"start":{"line":62,"column":0},"end":{"line":62,"column":42}},"62":{"start":{"line":63,"column":0},"end":{"line":63,"column":65}},"63":{"start":{"line":64,"column":0},"end":{"line":64,"column":18}},"64":{"start":{"line":65,"column":0},"end":{"line":65,"column":63}},"65":{"start":{"line":66,"column":0},"end":{"line":66,"column":9}},"66":{"start":{"line":67,"column":0},"end":{"line":67,"column":4}},"67":{"start":{"line":68,"column":0},"end":{"line":68,"column":51}},"68":{"start":{"line":69,"column":0},"end":{"line":69,"column":42}},"69":{"start":{"line":70,"column":0},"end":{"line":70,"column":18}},"70":{"start":{"line":71,"column":0},"end":{"line":71,"column":30}},"71":{"start":{"line":72,"column":0},"end":{"line":72,"column":44}},"72":{"start":{"line":73,"column":0},"end":{"line":73,"column":4}},"73":{"start":{"line":74,"column":0},"end":{"line":74,"column":50}},"74":{"start":{"line":75,"column":0},"end":{"line":75,"column":75}},"75":{"start":{"line":76,"column":0},"end":{"line":76,"column":9}},"76":{"start":{"line":77,"column":0},"end":{"line":77,"column":4}},"77":{"start":{"line":78,"column":0},"end":{"line":78,"column":57}},"78":{"start":{"line":79,"column":0},"end":{"line":79,"column":74}},"79":{"start":{"line":80,"column":0},"end":{"line":80,"column":9}},"80":{"start":{"line":81,"column":0},"end":{"line":81,"column":4}},"81":{"start":{"line":82,"column":0},"end":{"line":82,"column":91}},"82":{"start":{"line":83,"column":0},"end":{"line":83,"column":19}},"83":{"start":{"line":84,"column":0},"end":{"line":84,"column":76}},"84":{"start":{"line":85,"column":0},"end":{"line":85,"column":9}},"85":{"start":{"line":86,"column":0},"end":{"line":86,"column":4}},"86":{"start":{"line":87,"column":0},"end":{"line":87,"column":152}},"87":{"start":{"line":88,"column":0},"end":{"line":88,"column":35}},"88":{"start":{"line":89,"column":0},"end":{"line":89,"column":10}},"89":{"start":{"line":90,"column":0},"end":{"line":90,"column":4}},"90":{"start":{"line":91,"column":0},"end":{"line":91,"column":91}},"91":{"start":{"line":92,"column":0},"end":{"line":92,"column":4}},"92":{"start":{"line":93,"column":0},"end":{"line":93,"column":79}},"93":{"start":{"line":94,"column":0},"end":{"line":94,"column":21}},"94":{"start":{"line":95,"column":0},"end":{"line":95,"column":87}},"95":{"start":{"line":96,"column":0},"end":{"line":96,"column":5}},"96":{"start":{"line":97,"column":0},"end":{"line":97,"column":0}},"97":{"start":{"line":98,"column":0},"end":{"line":98,"column":4}},"98":{"start":{"line":99,"column":0},"end":{"line":99,"column":1}},"99":{"start":{"line":100,"column":0},"end":{"line":100,"column":0}},"100":{"start":{"line":101,"column":0},"end":{"line":101,"column":61}},"101":{"start":{"line":102,"column":0},"end":{"line":102,"column":9}},"102":{"start":{"line":103,"column":0},"end":{"line":103,"column":31}},"103":{"start":{"line":104,"column":0},"end":{"line":104,"column":51}},"104":{"start":{"line":105,"column":0},"end":{"line":105,"column":42}},"105":{"start":{"line":106,"column":0},"end":{"line":106,"column":18}},"106":{"start":{"line":107,"column":0},"end":{"line":107,"column":24}},"107":{"start":{"line":108,"column":0},"end":{"line":108,"column":37}},"108":{"start":{"line":109,"column":0},"end":{"line":109,"column":0}},"109":{"start":{"line":110,"column":0},"end":{"line":110,"column":50}},"110":{"start":{"line":111,"column":0},"end":{"line":111,"column":78}},"111":{"start":{"line":112,"column":0},"end":{"line":112,"column":9}},"112":{"start":{"line":113,"column":0},"end":{"line":113,"column":0}},"113":{"start":{"line":114,"column":0},"end":{"line":114,"column":56}},"114":{"start":{"line":115,"column":0},"end":{"line":115,"column":92}},"115":{"start":{"line":116,"column":0},"end":{"line":116,"column":9}},"116":{"start":{"line":117,"column":0},"end":{"line":117,"column":0}},"117":{"start":{"line":118,"column":0},"end":{"line":118,"column":18}},"118":{"start":{"line":119,"column":0},"end":{"line":119,"column":18}},"119":{"start":{"line":120,"column":0},"end":{"line":120,"column":24}},"120":{"start":{"line":121,"column":0},"end":{"line":121,"column":45}},"121":{"start":{"line":122,"column":0},"end":{"line":122,"column":0}},"122":{"start":{"line":123,"column":0},"end":{"line":123,"column":91}},"123":{"start":{"line":124,"column":0},"end":{"line":124,"column":0}},"124":{"start":{"line":125,"column":0},"end":{"line":125,"column":21}},"125":{"start":{"line":126,"column":0},"end":{"line":126,"column":87}},"126":{"start":{"line":127,"column":0},"end":{"line":127,"column":5}},"127":{"start":{"line":128,"column":0},"end":{"line":128,"column":1}},"128":{"start":{"line":129,"column":0},"end":{"line":129,"column":0}},"129":{"start":{"line":130,"column":0},"end":{"line":130,"column":61}},"130":{"start":{"line":131,"column":0},"end":{"line":131,"column":0}},"131":{"start":{"line":132,"column":0},"end":{"line":132,"column":9}},"132":{"start":{"line":133,"column":0},"end":{"line":133,"column":8}},"133":{"start":{"line":134,"column":0},"end":{"line":134,"column":42}},"134":{"start":{"line":135,"column":0},"end":{"line":135,"column":0}},"135":{"start":{"line":136,"column":0},"end":{"line":136,"column":51}},"136":{"start":{"line":137,"column":0},"end":{"line":137,"column":45}},"137":{"start":{"line":138,"column":0},"end":{"line":138,"column":18}},"138":{"start":{"line":139,"column":0},"end":{"line":139,"column":30}},"139":{"start":{"line":140,"column":0},"end":{"line":140,"column":44}},"140":{"start":{"line":141,"column":0},"end":{"line":141,"column":0}},"141":{"start":{"line":142,"column":0},"end":{"line":142,"column":53}},"142":{"start":{"line":143,"column":0},"end":{"line":143,"column":78}},"143":{"start":{"line":144,"column":0},"end":{"line":144,"column":9}},"144":{"start":{"line":145,"column":0},"end":{"line":145,"column":0}},"145":{"start":{"line":146,"column":0},"end":{"line":146,"column":59}},"146":{"start":{"line":147,"column":0},"end":{"line":147,"column":86}},"147":{"start":{"line":148,"column":0},"end":{"line":148,"column":9}},"148":{"start":{"line":149,"column":0},"end":{"line":149,"column":8}},"149":{"start":{"line":150,"column":0},"end":{"line":150,"column":94}},"150":{"start":{"line":151,"column":0},"end":{"line":151,"column":0}},"151":{"start":{"line":152,"column":0},"end":{"line":152,"column":19}},"152":{"start":{"line":153,"column":0},"end":{"line":153,"column":61}},"153":{"start":{"line":154,"column":0},"end":{"line":154,"column":9}},"154":{"start":{"line":155,"column":0},"end":{"line":155,"column":0}},"155":{"start":{"line":156,"column":0},"end":{"line":156,"column":0}},"156":{"start":{"line":157,"column":0},"end":{"line":157,"column":18}},"157":{"start":{"line":158,"column":0},"end":{"line":158,"column":18}},"158":{"start":{"line":159,"column":0},"end":{"line":159,"column":30}},"159":{"start":{"line":160,"column":0},"end":{"line":160,"column":45}},"160":{"start":{"line":161,"column":0},"end":{"line":161,"column":0}},"161":{"start":{"line":162,"column":0},"end":{"line":162,"column":91}},"162":{"start":{"line":163,"column":0},"end":{"line":163,"column":0}},"163":{"start":{"line":164,"column":0},"end":{"line":164,"column":21}},"164":{"start":{"line":165,"column":0},"end":{"line":165,"column":87}},"165":{"start":{"line":166,"column":0},"end":{"line":166,"column":5}},"166":{"start":{"line":167,"column":0},"end":{"line":167,"column":0}},"167":{"start":{"line":168,"column":0},"end":{"line":168,"column":1}},"168":{"start":{"line":169,"column":0},"end":{"line":169,"column":0}},"169":{"start":{"line":170,"column":0},"end":{"line":170,"column":0}},"170":{"start":{"line":171,"column":0},"end":{"line":171,"column":50}},"171":{"start":{"line":172,"column":0},"end":{"line":172,"column":9}},"172":{"start":{"line":173,"column":0},"end":{"line":173,"column":8}},"173":{"start":{"line":174,"column":0},"end":{"line":174,"column":22}},"174":{"start":{"line":175,"column":0},"end":{"line":175,"column":81}},"175":{"start":{"line":176,"column":0},"end":{"line":176,"column":9}},"176":{"start":{"line":177,"column":0},"end":{"line":177,"column":0}},"177":{"start":{"line":178,"column":0},"end":{"line":178,"column":34}},"178":{"start":{"line":179,"column":0},"end":{"line":179,"column":8}},"179":{"start":{"line":180,"column":0},"end":{"line":180,"column":51}},"180":{"start":{"line":181,"column":0},"end":{"line":181,"column":42}},"181":{"start":{"line":182,"column":0},"end":{"line":182,"column":18}},"182":{"start":{"line":183,"column":0},"end":{"line":183,"column":30}},"183":{"start":{"line":184,"column":0},"end":{"line":184,"column":45}},"184":{"start":{"line":185,"column":0},"end":{"line":185,"column":0}},"185":{"start":{"line":186,"column":0},"end":{"line":186,"column":50}},"186":{"start":{"line":187,"column":0},"end":{"line":187,"column":75}},"187":{"start":{"line":188,"column":0},"end":{"line":188,"column":9}},"188":{"start":{"line":189,"column":0},"end":{"line":189,"column":8}},"189":{"start":{"line":190,"column":0},"end":{"line":190,"column":60}},"190":{"start":{"line":191,"column":0},"end":{"line":191,"column":0}},"191":{"start":{"line":192,"column":0},"end":{"line":192,"column":18}},"192":{"start":{"line":193,"column":0},"end":{"line":193,"column":18}},"193":{"start":{"line":194,"column":0},"end":{"line":194,"column":30}},"194":{"start":{"line":195,"column":0},"end":{"line":195,"column":45}},"195":{"start":{"line":196,"column":0},"end":{"line":196,"column":44}},"196":{"start":{"line":197,"column":0},"end":{"line":197,"column":0}},"197":{"start":{"line":198,"column":0},"end":{"line":198,"column":56}},"198":{"start":{"line":199,"column":0},"end":{"line":199,"column":29}},"199":{"start":{"line":200,"column":0},"end":{"line":200,"column":22}},"200":{"start":{"line":201,"column":0},"end":{"line":201,"column":19}},"201":{"start":{"line":202,"column":0},"end":{"line":202,"column":40}},"202":{"start":{"line":203,"column":0},"end":{"line":203,"column":43}},"203":{"start":{"line":204,"column":0},"end":{"line":204,"column":13}},"204":{"start":{"line":205,"column":0},"end":{"line":205,"column":10}},"205":{"start":{"line":206,"column":0},"end":{"line":206,"column":0}},"206":{"start":{"line":207,"column":0},"end":{"line":207,"column":29}},"207":{"start":{"line":208,"column":0},"end":{"line":208,"column":36}},"208":{"start":{"line":209,"column":0},"end":{"line":209,"column":51}},"209":{"start":{"line":210,"column":0},"end":{"line":210,"column":45}},"210":{"start":{"line":211,"column":0},"end":{"line":211,"column":96}},"211":{"start":{"line":212,"column":0},"end":{"line":212,"column":9}},"212":{"start":{"line":213,"column":0},"end":{"line":213,"column":0}},"213":{"start":{"line":214,"column":0},"end":{"line":214,"column":58}},"214":{"start":{"line":215,"column":0},"end":{"line":215,"column":22}},"215":{"start":{"line":216,"column":0},"end":{"line":216,"column":70}},"216":{"start":{"line":217,"column":0},"end":{"line":217,"column":18}},"217":{"start":{"line":218,"column":0},"end":{"line":218,"column":73}},"218":{"start":{"line":219,"column":0},"end":{"line":219,"column":10}},"219":{"start":{"line":220,"column":0},"end":{"line":220,"column":0}},"220":{"start":{"line":221,"column":0},"end":{"line":221,"column":21}},"221":{"start":{"line":222,"column":0},"end":{"line":222,"column":87}},"222":{"start":{"line":223,"column":0},"end":{"line":223,"column":5}},"223":{"start":{"line":224,"column":0},"end":{"line":224,"column":1}},"224":{"start":{"line":225,"column":0},"end":{"line":225,"column":0}},"225":{"start":{"line":226,"column":0},"end":{"line":226,"column":0}},"226":{"start":{"line":227,"column":0},"end":{"line":227,"column":47}},"227":{"start":{"line":228,"column":0},"end":{"line":228,"column":9}},"228":{"start":{"line":229,"column":0},"end":{"line":229,"column":22}},"229":{"start":{"line":230,"column":0},"end":{"line":230,"column":82}},"230":{"start":{"line":231,"column":0},"end":{"line":231,"column":9}},"231":{"start":{"line":232,"column":0},"end":{"line":232,"column":39}},"232":{"start":{"line":233,"column":0},"end":{"line":233,"column":51}},"233":{"start":{"line":234,"column":0},"end":{"line":234,"column":42}},"234":{"start":{"line":235,"column":0},"end":{"line":235,"column":18}},"235":{"start":{"line":236,"column":0},"end":{"line":236,"column":30}},"236":{"start":{"line":237,"column":0},"end":{"line":237,"column":44}},"237":{"start":{"line":238,"column":0},"end":{"line":238,"column":0}},"238":{"start":{"line":239,"column":0},"end":{"line":239,"column":50}},"239":{"start":{"line":240,"column":0},"end":{"line":240,"column":75}},"240":{"start":{"line":241,"column":0},"end":{"line":241,"column":9}},"241":{"start":{"line":242,"column":0},"end":{"line":242,"column":8}},"242":{"start":{"line":243,"column":0},"end":{"line":243,"column":72}},"243":{"start":{"line":244,"column":0},"end":{"line":244,"column":65}},"244":{"start":{"line":245,"column":0},"end":{"line":245,"column":9}},"245":{"start":{"line":246,"column":0},"end":{"line":246,"column":78}},"246":{"start":{"line":247,"column":0},"end":{"line":247,"column":21}},"247":{"start":{"line":248,"column":0},"end":{"line":248,"column":87}},"248":{"start":{"line":249,"column":0},"end":{"line":249,"column":5}},"249":{"start":{"line":250,"column":0},"end":{"line":250,"column":1}},"250":{"start":{"line":251,"column":0},"end":{"line":251,"column":0}},"251":{"start":{"line":252,"column":0},"end":{"line":252,"column":49}},"252":{"start":{"line":253,"column":0},"end":{"line":253,"column":9}},"253":{"start":{"line":254,"column":0},"end":{"line":254,"column":8}},"254":{"start":{"line":255,"column":0},"end":{"line":255,"column":22}},"255":{"start":{"line":256,"column":0},"end":{"line":256,"column":81}},"256":{"start":{"line":257,"column":0},"end":{"line":257,"column":9}},"257":{"start":{"line":258,"column":0},"end":{"line":258,"column":0}},"258":{"start":{"line":259,"column":0},"end":{"line":259,"column":44}},"259":{"start":{"line":260,"column":0},"end":{"line":260,"column":51}},"260":{"start":{"line":261,"column":0},"end":{"line":261,"column":42}},"261":{"start":{"line":262,"column":0},"end":{"line":262,"column":18}},"262":{"start":{"line":263,"column":0},"end":{"line":263,"column":30}},"263":{"start":{"line":264,"column":0},"end":{"line":264,"column":44}},"264":{"start":{"line":265,"column":0},"end":{"line":265,"column":0}},"265":{"start":{"line":266,"column":0},"end":{"line":266,"column":50}},"266":{"start":{"line":267,"column":0},"end":{"line":267,"column":75}},"267":{"start":{"line":268,"column":0},"end":{"line":268,"column":9}},"268":{"start":{"line":269,"column":0},"end":{"line":269,"column":0}},"269":{"start":{"line":270,"column":0},"end":{"line":270,"column":45}},"270":{"start":{"line":271,"column":0},"end":{"line":271,"column":59}},"271":{"start":{"line":272,"column":0},"end":{"line":272,"column":0}},"272":{"start":{"line":273,"column":0},"end":{"line":273,"column":18}},"273":{"start":{"line":274,"column":0},"end":{"line":274,"column":18}},"274":{"start":{"line":275,"column":0},"end":{"line":275,"column":37}},"275":{"start":{"line":276,"column":0},"end":{"line":276,"column":30}},"276":{"start":{"line":277,"column":0},"end":{"line":277,"column":37}},"277":{"start":{"line":278,"column":0},"end":{"line":278,"column":0}},"278":{"start":{"line":279,"column":0},"end":{"line":279,"column":75}},"279":{"start":{"line":280,"column":0},"end":{"line":280,"column":21}},"280":{"start":{"line":281,"column":0},"end":{"line":281,"column":87}},"281":{"start":{"line":282,"column":0},"end":{"line":282,"column":5}},"282":{"start":{"line":283,"column":0},"end":{"line":283,"column":1}}},"s":{"0":1,"1":1,"2":1,"3":1,"4":1,"5":1,"6":1,"7":1,"8":1,"9":1,"10":3,"11":3,"12":3,"13":1,"14":1,"15":2,"16":2,"17":2,"18":2,"19":3,"20":0,"21":0,"22":2,"23":2,"24":2,"25":2,"26":2,"27":2,"28":2,"29":3,"30":1,"31":1,"32":1,"33":1,"34":1,"35":1,"36":1,"37":1,"38":1,"39":1,"40":1,"41":1,"42":1,"43":1,"44":1,"45":1,"46":1,"47":1,"48":3,"49":0,"50":0,"51":3,"52":1,"53":1,"54":5,"55":5,"56":5,"57":5,"58":1,"59":1,"60":4,"61":4,"62":4,"63":5,"64":0,"65":0,"66":4,"67":4,"68":4,"69":4,"70":4,"71":4,"72":4,"73":5,"74":1,"75":1,"76":3,"77":5,"78":1,"79":1,"80":2,"81":2,"82":5,"83":1,"84":1,"85":1,"86":1,"87":1,"88":1,"89":1,"90":1,"91":1,"92":1,"93":5,"94":0,"95":0,"96":5,"97":5,"98":5,"99":1,"100":1,"101":3,"102":3,"103":3,"104":3,"105":3,"106":3,"107":3,"108":3,"109":3,"110":1,"111":1,"112":2,"113":3,"114":1,"115":1,"116":1,"117":1,"118":1,"119":1,"120":1,"121":1,"122":1,"123":1,"124":3,"125":0,"126":0,"127":3,"128":1,"129":1,"130":3,"131":3,"132":3,"133":3,"134":3,"135":3,"136":3,"137":3,"138":3,"139":3,"140":3,"141":3,"142":1,"143":1,"144":2,"145":3,"146":1,"147":1,"148":1,"149":1,"150":1,"151":3,"152":0,"153":0,"154":1,"155":1,"156":1,"157":1,"158":1,"159":1,"160":1,"161":1,"162":1,"163":3,"164":0,"165":0,"166":3,"167":3,"168":1,"169":1,"170":1,"171":4,"172":4,"173":4,"174":1,"175":1,"176":3,"177":3,"178":3,"179":3,"180":3,"181":3,"182":3,"183":3,"184":3,"185":4,"186":1,"187":1,"188":2,"189":2,"190":2,"191":2,"192":2,"193":2,"194":2,"195":2,"196":2,"197":2,"198":2,"199":2,"200":2,"201":2,"202":2,"203":2,"204":2,"205":2,"206":2,"207":2,"208":2,"209":2,"210":2,"211":2,"212":2,"213":2,"214":2,"215":1,"216":1,"217":1,"218":2,"219":2,"220":4,"221":0,"222":0,"223":4,"224":1,"225":1,"226":1,"227":4,"228":4,"229":1,"230":1,"231":3,"232":3,"233":3,"234":3,"235":3,"236":3,"237":3,"238":4,"239":1,"240":1,"241":2,"242":4,"243":1,"244":1,"245":1,"246":4,"247":0,"248":0,"249":4,"250":1,"251":1,"252":3,"253":3,"254":3,"255":1,"256":1,"257":2,"258":2,"259":2,"260":2,"261":2,"262":2,"263":2,"264":2,"265":3,"266":1,"267":1,"268":1,"269":1,"270":1,"271":1,"272":1,"273":1,"274":1,"275":1,"276":1,"277":1,"278":1,"279":3,"280":0,"281":0,"282":3},"branchMap":{"0":{"type":"branch","line":10,"loc":{"start":{"line":10,"column":34},"end":{"line":52,"column":1}},"locations":[{"start":{"line":10,"column":34},"end":{"line":52,"column":1}}]},"1":{"type":"branch","line":13,"loc":{"start":{"line":13,"column":21},"end":{"line":15,"column":9}},"locations":[{"start":{"line":13,"column":21},"end":{"line":15,"column":9}}]},"2":{"type":"branch","line":15,"loc":{"start":{"line":15,"column":8},"end":{"line":20,"column":17}},"locations":[{"start":{"line":15,"column":8},"end":{"line":20,"column":17}}]},"3":{"type":"branch","line":20,"loc":{"start":{"line":20,"column":17},"end":{"line":22,"column":9}},"locations":[{"start":{"line":20,"column":17},"end":{"line":22,"column":9}}]},"4":{"type":"branch","line":22,"loc":{"start":{"line":22,"column":8},"end":{"line":30,"column":48}},"locations":[{"start":{"line":22,"column":8},"end":{"line":30,"column":48}}]},"5":{"type":"branch","line":30,"loc":{"start":{"line":30,"column":48},"end":{"line":49,"column":6}},"locations":[{"start":{"line":30,"column":48},"end":{"line":49,"column":6}}]},"6":{"type":"branch","line":49,"loc":{"start":{"line":49,"column":6},"end":{"line":51,"column":5}},"locations":[{"start":{"line":49,"column":6},"end":{"line":51,"column":5}}]},"7":{"type":"branch","line":54,"loc":{"start":{"line":54,"column":23},"end":{"line":99,"column":1}},"locations":[{"start":{"line":54,"column":23},"end":{"line":99,"column":1}}]},"8":{"type":"branch","line":58,"loc":{"start":{"line":58,"column":21},"end":{"line":60,"column":9}},"locations":[{"start":{"line":58,"column":21},"end":{"line":60,"column":9}}]},"9":{"type":"branch","line":60,"loc":{"start":{"line":60,"column":8},"end":{"line":64,"column":17}},"locations":[{"start":{"line":60,"column":8},"end":{"line":64,"column":17}}]},"10":{"type":"branch","line":64,"loc":{"start":{"line":64,"column":17},"end":{"line":66,"column":9}},"locations":[{"start":{"line":64,"column":17},"end":{"line":66,"column":9}}]},"11":{"type":"branch","line":66,"loc":{"start":{"line":66,"column":8},"end":{"line":74,"column":49}},"locations":[{"start":{"line":66,"column":8},"end":{"line":74,"column":49}}]},"12":{"type":"branch","line":74,"loc":{"start":{"line":74,"column":49},"end":{"line":76,"column":9}},"locations":[{"start":{"line":74,"column":49},"end":{"line":76,"column":9}}]},"13":{"type":"branch","line":76,"loc":{"start":{"line":76,"column":8},"end":{"line":78,"column":56}},"locations":[{"start":{"line":76,"column":8},"end":{"line":78,"column":56}}]},"14":{"type":"branch","line":78,"loc":{"start":{"line":78,"column":56},"end":{"line":80,"column":9}},"locations":[{"start":{"line":78,"column":56},"end":{"line":80,"column":9}}]},"15":{"type":"branch","line":80,"loc":{"start":{"line":80,"column":8},"end":{"line":83,"column":18}},"locations":[{"start":{"line":80,"column":8},"end":{"line":83,"column":18}}]},"16":{"type":"branch","line":83,"loc":{"start":{"line":83,"column":18},"end":{"line":94,"column":6}},"locations":[{"start":{"line":83,"column":18},"end":{"line":94,"column":6}}]},"17":{"type":"branch","line":94,"loc":{"start":{"line":94,"column":6},"end":{"line":96,"column":5}},"locations":[{"start":{"line":94,"column":6},"end":{"line":96,"column":5}}]},"18":{"type":"branch","line":101,"loc":{"start":{"line":101,"column":43},"end":{"line":128,"column":1}},"locations":[{"start":{"line":101,"column":43},"end":{"line":128,"column":1}}]},"19":{"type":"branch","line":110,"loc":{"start":{"line":110,"column":49},"end":{"line":112,"column":9}},"locations":[{"start":{"line":110,"column":49},"end":{"line":112,"column":9}}]},"20":{"type":"branch","line":112,"loc":{"start":{"line":112,"column":8},"end":{"line":114,"column":55}},"locations":[{"start":{"line":112,"column":8},"end":{"line":114,"column":55}}]},"21":{"type":"branch","line":114,"loc":{"start":{"line":114,"column":55},"end":{"line":125,"column":6}},"locations":[{"start":{"line":114,"column":55},"end":{"line":125,"column":6}}]},"22":{"type":"branch","line":125,"loc":{"start":{"line":125,"column":6},"end":{"line":127,"column":5}},"locations":[{"start":{"line":125,"column":6},"end":{"line":127,"column":5}}]},"23":{"type":"branch","line":130,"loc":{"start":{"line":130,"column":43},"end":{"line":168,"column":1}},"locations":[{"start":{"line":130,"column":43},"end":{"line":168,"column":1}}]},"24":{"type":"branch","line":142,"loc":{"start":{"line":142,"column":52},"end":{"line":144,"column":9}},"locations":[{"start":{"line":142,"column":52},"end":{"line":144,"column":9}}]},"25":{"type":"branch","line":144,"loc":{"start":{"line":144,"column":8},"end":{"line":146,"column":58}},"locations":[{"start":{"line":144,"column":8},"end":{"line":146,"column":58}}]},"26":{"type":"branch","line":146,"loc":{"start":{"line":146,"column":58},"end":{"line":152,"column":18}},"locations":[{"start":{"line":146,"column":58},"end":{"line":152,"column":18}}]},"27":{"type":"branch","line":152,"loc":{"start":{"line":152,"column":18},"end":{"line":154,"column":9}},"locations":[{"start":{"line":152,"column":18},"end":{"line":154,"column":9}}]},"28":{"type":"branch","line":154,"loc":{"start":{"line":154,"column":8},"end":{"line":164,"column":6}},"locations":[{"start":{"line":154,"column":8},"end":{"line":164,"column":6}}]},"29":{"type":"branch","line":164,"loc":{"start":{"line":164,"column":6},"end":{"line":166,"column":5}},"locations":[{"start":{"line":164,"column":6},"end":{"line":166,"column":5}}]},"30":{"type":"branch","line":171,"loc":{"start":{"line":171,"column":32},"end":{"line":224,"column":1}},"locations":[{"start":{"line":171,"column":32},"end":{"line":224,"column":1}}]},"31":{"type":"branch","line":174,"loc":{"start":{"line":174,"column":21},"end":{"line":176,"column":9}},"locations":[{"start":{"line":174,"column":21},"end":{"line":176,"column":9}}]},"32":{"type":"branch","line":176,"loc":{"start":{"line":176,"column":8},"end":{"line":186,"column":49}},"locations":[{"start":{"line":176,"column":8},"end":{"line":186,"column":49}}]},"33":{"type":"branch","line":186,"loc":{"start":{"line":186,"column":49},"end":{"line":188,"column":9}},"locations":[{"start":{"line":186,"column":49},"end":{"line":188,"column":9}}]},"34":{"type":"branch","line":188,"loc":{"start":{"line":188,"column":8},"end":{"line":221,"column":6}},"locations":[{"start":{"line":188,"column":8},"end":{"line":221,"column":6}}]},"35":{"type":"branch","line":221,"loc":{"start":{"line":221,"column":6},"end":{"line":223,"column":5}},"locations":[{"start":{"line":221,"column":6},"end":{"line":223,"column":5}}]},"36":{"type":"branch","line":214,"loc":{"start":{"line":214,"column":42},"end":{"line":219,"column":9}},"locations":[{"start":{"line":214,"column":42},"end":{"line":219,"column":9}}]},"37":{"type":"branch","line":215,"loc":{"start":{"line":215,"column":21},"end":{"line":218,"column":73}},"locations":[{"start":{"line":215,"column":21},"end":{"line":218,"column":73}}]},"38":{"type":"branch","line":227,"loc":{"start":{"line":227,"column":29},"end":{"line":250,"column":1}},"locations":[{"start":{"line":227,"column":29},"end":{"line":250,"column":1}}]},"39":{"type":"branch","line":229,"loc":{"start":{"line":229,"column":21},"end":{"line":231,"column":9}},"locations":[{"start":{"line":229,"column":21},"end":{"line":231,"column":9}}]},"40":{"type":"branch","line":231,"loc":{"start":{"line":231,"column":8},"end":{"line":239,"column":49}},"locations":[{"start":{"line":231,"column":8},"end":{"line":239,"column":49}}]},"41":{"type":"branch","line":239,"loc":{"start":{"line":239,"column":49},"end":{"line":241,"column":9}},"locations":[{"start":{"line":239,"column":49},"end":{"line":241,"column":9}}]},"42":{"type":"branch","line":241,"loc":{"start":{"line":241,"column":8},"end":{"line":243,"column":71}},"locations":[{"start":{"line":241,"column":8},"end":{"line":243,"column":71}}]},"43":{"type":"branch","line":243,"loc":{"start":{"line":243,"column":71},"end":{"line":247,"column":6}},"locations":[{"start":{"line":243,"column":71},"end":{"line":247,"column":6}}]},"44":{"type":"branch","line":247,"loc":{"start":{"line":247,"column":6},"end":{"line":249,"column":5}},"locations":[{"start":{"line":247,"column":6},"end":{"line":249,"column":5}}]},"45":{"type":"branch","line":252,"loc":{"start":{"line":252,"column":31},"end":{"line":283,"column":1}},"locations":[{"start":{"line":252,"column":31},"end":{"line":283,"column":1}}]},"46":{"type":"branch","line":255,"loc":{"start":{"line":255,"column":21},"end":{"line":257,"column":9}},"locations":[{"start":{"line":255,"column":21},"end":{"line":257,"column":9}}]},"47":{"type":"branch","line":257,"loc":{"start":{"line":257,"column":8},"end":{"line":266,"column":49}},"locations":[{"start":{"line":257,"column":8},"end":{"line":266,"column":49}}]},"48":{"type":"branch","line":266,"loc":{"start":{"line":266,"column":49},"end":{"line":280,"column":6}},"locations":[{"start":{"line":266,"column":49},"end":{"line":280,"column":6}}]},"49":{"type":"branch","line":280,"loc":{"start":{"line":280,"column":6},"end":{"line":282,"column":5}},"locations":[{"start":{"line":280,"column":6},"end":{"line":282,"column":5}}]}},"b":{"0":[3],"1":[1],"2":[2],"3":[0],"4":[2],"5":[1],"6":[0],"7":[5],"8":[1],"9":[4],"10":[0],"11":[4],"12":[1],"13":[3],"14":[1],"15":[2],"16":[1],"17":[0],"18":[3],"19":[1],"20":[2],"21":[1],"22":[0],"23":[3],"24":[1],"25":[2],"26":[1],"27":[0],"28":[1],"29":[0],"30":[4],"31":[1],"32":[3],"33":[1],"34":[2],"35":[0],"36":[2],"37":[1],"38":[4],"39":[1],"40":[3],"41":[1],"42":[2],"43":[1],"44":[0],"45":[3],"46":[1],"47":[2],"48":[1],"49":[0]},"fnMap":{"0":{"name":"Object.<anonymous>.module.exports.registerCustomer","decl":{"start":{"line":10,"column":34},"end":{"line":52,"column":1}},"loc":{"start":{"line":10,"column":34},"end":{"line":52,"column":1}},"line":10},"1":{"name":"Object.<anonymous>.module.exports.login","decl":{"start":{"line":54,"column":23},"end":{"line":99,"column":1}},"loc":{"start":{"line":54,"column":23},"end":{"line":99,"column":1}},"line":54},"2":{"name":"Object.<anonymous>.module.exports.deactivateCustomerAccount","decl":{"start":{"line":101,"column":43},"end":{"line":128,"column":1}},"loc":{"start":{"line":101,"column":43},"end":{"line":128,"column":1}},"line":101},"3":{"name":"Object.<anonymous>.module.exports.reactivateCustomerAccount","decl":{"start":{"line":130,"column":43},"end":{"line":168,"column":1}},"loc":{"start":{"line":130,"column":43},"end":{"line":168,"column":1}},"line":130},"4":{"name":"Object.<anonymous>.module.exports.forgotPassword","decl":{"start":{"line":171,"column":32},"end":{"line":224,"column":1}},"loc":{"start":{"line":171,"column":32},"end":{"line":224,"column":1}},"line":171},"5":{"name":"Object.<anonymous>.module.exports.verifyToken","decl":{"start":{"line":227,"column":29},"end":{"line":250,"column":1}},"loc":{"start":{"line":227,"column":29},"end":{"line":250,"column":1}},"line":227},"6":{"name":"Object.<anonymous>.module.exports.resetPassword","decl":{"start":{"line":252,"column":31},"end":{"line":283,"column":1}},"loc":{"start":{"line":252,"column":31},"end":{"line":283,"column":1}},"line":252}},"f":{"0":3,"1":5,"2":3,"3":3,"4":4,"5":4,"6":3}}
,"/home/joyce/Documents/Projects/theJitu/shopie/api/src/controller/customer.controller.js": {"path":"/home/joyce/Documents/Projects/theJitu/shopie/api/src/controller/customer.controller.js","all":false,"statementMap":{"0":{"start":{"line":1,"column":0},"end":{"line":1,"column":30}},"1":{"start":{"line":2,"column":0},"end":{"line":2,"column":0}},"2":{"start":{"line":3,"column":0},"end":{"line":3,"column":69}},"3":{"start":{"line":4,"column":0},"end":{"line":4,"column":55}},"4":{"start":{"line":5,"column":0},"end":{"line":5,"column":0}},"5":{"start":{"line":6,"column":0},"end":{"line":6,"column":0}},"6":{"start":{"line":7,"column":0},"end":{"line":7,"column":53}},"7":{"start":{"line":8,"column":0},"end":{"line":8,"column":9}},"8":{"start":{"line":9,"column":0},"end":{"line":9,"column":51}},"9":{"start":{"line":10,"column":0},"end":{"line":10,"column":33}},"10":{"start":{"line":11,"column":0},"end":{"line":11,"column":18}},"11":{"start":{"line":12,"column":0},"end":{"line":12,"column":41}},"12":{"start":{"line":13,"column":0},"end":{"line":13,"column":95}},"13":{"start":{"line":14,"column":0},"end":{"line":14,"column":21}},"14":{"start":{"line":15,"column":0},"end":{"line":15,"column":69}},"15":{"start":{"line":16,"column":0},"end":{"line":16,"column":5}},"16":{"start":{"line":17,"column":0},"end":{"line":17,"column":1}},"17":{"start":{"line":18,"column":0},"end":{"line":18,"column":0}},"18":{"start":{"line":19,"column":0},"end":{"line":19,"column":53}},"19":{"start":{"line":20,"column":0},"end":{"line":20,"column":9}},"20":{"start":{"line":21,"column":0},"end":{"line":21,"column":31}},"21":{"start":{"line":22,"column":0},"end":{"line":22,"column":51}},"22":{"start":{"line":23,"column":0},"end":{"line":23,"column":33}},"23":{"start":{"line":24,"column":0},"end":{"line":24,"column":18}},"24":{"start":{"line":25,"column":0},"end":{"line":25,"column":24}},"25":{"start":{"line":26,"column":0},"end":{"line":26,"column":37}},"26":{"start":{"line":27,"column":0},"end":{"line":27,"column":0}},"27":{"start":{"line":28,"column":0},"end":{"line":28,"column":41}},"28":{"start":{"line":29,"column":0},"end":{"line":29,"column":78}},"29":{"start":{"line":30,"column":0},"end":{"line":30,"column":9}},"30":{"start":{"line":31,"column":0},"end":{"line":31,"column":0}},"31":{"start":{"line":32,"column":0},"end":{"line":32,"column":94}},"32":{"start":{"line":33,"column":0},"end":{"line":33,"column":21}},"33":{"start":{"line":34,"column":0},"end":{"line":34,"column":69}},"34":{"start":{"line":35,"column":0},"end":{"line":35,"column":5}},"35":{"start":{"line":36,"column":0},"end":{"line":36,"column":1}},"36":{"start":{"line":37,"column":0},"end":{"line":37,"column":0}},"37":{"start":{"line":38,"column":0},"end":{"line":38,"column":57}},"38":{"start":{"line":39,"column":0},"end":{"line":39,"column":9}},"39":{"start":{"line":40,"column":0},"end":{"line":40,"column":31}},"40":{"start":{"line":41,"column":0},"end":{"line":41,"column":0}},"41":{"start":{"line":42,"column":0},"end":{"line":42,"column":22}},"42":{"start":{"line":43,"column":0},"end":{"line":43,"column":84}},"43":{"start":{"line":44,"column":0},"end":{"line":44,"column":9}},"44":{"start":{"line":45,"column":0},"end":{"line":45,"column":85}},"45":{"start":{"line":46,"column":0},"end":{"line":46,"column":0}},"46":{"start":{"line":47,"column":0},"end":{"line":47,"column":106}},"47":{"start":{"line":48,"column":0},"end":{"line":48,"column":18}},"48":{"start":{"line":49,"column":0},"end":{"line":49,"column":63}},"49":{"start":{"line":50,"column":0},"end":{"line":50,"column":9}},"50":{"start":{"line":51,"column":0},"end":{"line":51,"column":0}},"51":{"start":{"line":52,"column":0},"end":{"line":52,"column":51}},"52":{"start":{"line":53,"column":0},"end":{"line":53,"column":33}},"53":{"start":{"line":54,"column":0},"end":{"line":54,"column":18}},"54":{"start":{"line":55,"column":0},"end":{"line":55,"column":24}},"55":{"start":{"line":56,"column":0},"end":{"line":56,"column":37}},"56":{"start":{"line":57,"column":0},"end":{"line":57,"column":0}},"57":{"start":{"line":58,"column":0},"end":{"line":58,"column":41}},"58":{"start":{"line":59,"column":0},"end":{"line":59,"column":78}},"59":{"start":{"line":60,"column":0},"end":{"line":60,"column":9}},"60":{"start":{"line":61,"column":0},"end":{"line":61,"column":0}},"61":{"start":{"line":62,"column":0},"end":{"line":62,"column":18}},"62":{"start":{"line":63,"column":0},"end":{"line":63,"column":18}},"63":{"start":{"line":64,"column":0},"end":{"line":64,"column":24}},"64":{"start":{"line":65,"column":0},"end":{"line":65,"column":39}},"65":{"start":{"line":66,"column":0},"end":{"line":66,"column":37}},"66":{"start":{"line":67,"column":0},"end":{"line":67,"column":30}},"67":{"start":{"line":68,"column":0},"end":{"line":68,"column":43}},"68":{"start":{"line":69,"column":0},"end":{"line":69,"column":49}},"69":{"start":{"line":70,"column":0},"end":{"line":70,"column":34}},"70":{"start":{"line":71,"column":0},"end":{"line":71,"column":0}},"71":{"start":{"line":72,"column":0},"end":{"line":72,"column":76}},"72":{"start":{"line":73,"column":0},"end":{"line":73,"column":21}},"73":{"start":{"line":74,"column":0},"end":{"line":74,"column":69}},"74":{"start":{"line":75,"column":0},"end":{"line":75,"column":8}},"75":{"start":{"line":76,"column":0},"end":{"line":76,"column":5}},"76":{"start":{"line":77,"column":0},"end":{"line":77,"column":1}},"77":{"start":{"line":78,"column":0},"end":{"line":78,"column":0}},"78":{"start":{"line":79,"column":0},"end":{"line":79,"column":57}},"79":{"start":{"line":80,"column":0},"end":{"line":80,"column":9}},"80":{"start":{"line":81,"column":0},"end":{"line":81,"column":31}},"81":{"start":{"line":82,"column":0},"end":{"line":82,"column":51}},"82":{"start":{"line":83,"column":0},"end":{"line":83,"column":33}},"83":{"start":{"line":84,"column":0},"end":{"line":84,"column":18}},"84":{"start":{"line":85,"column":0},"end":{"line":85,"column":24}},"85":{"start":{"line":86,"column":0},"end":{"line":86,"column":37}},"86":{"start":{"line":87,"column":0},"end":{"line":87,"column":0}},"87":{"start":{"line":88,"column":0},"end":{"line":88,"column":41}},"88":{"start":{"line":89,"column":0},"end":{"line":89,"column":78}},"89":{"start":{"line":90,"column":0},"end":{"line":90,"column":9}},"90":{"start":{"line":91,"column":0},"end":{"line":91,"column":0}},"91":{"start":{"line":92,"column":0},"end":{"line":92,"column":48}},"92":{"start":{"line":93,"column":0},"end":{"line":93,"column":91}},"93":{"start":{"line":94,"column":0},"end":{"line":94,"column":9}},"94":{"start":{"line":95,"column":0},"end":{"line":95,"column":0}},"95":{"start":{"line":96,"column":0},"end":{"line":96,"column":18}},"96":{"start":{"line":97,"column":0},"end":{"line":97,"column":18}},"97":{"start":{"line":98,"column":0},"end":{"line":98,"column":24}},"98":{"start":{"line":99,"column":0},"end":{"line":99,"column":38}},"99":{"start":{"line":100,"column":0},"end":{"line":100,"column":0}},"100":{"start":{"line":101,"column":0},"end":{"line":101,"column":87}},"101":{"start":{"line":102,"column":0},"end":{"line":102,"column":21}},"102":{"start":{"line":103,"column":0},"end":{"line":103,"column":35}},"103":{"start":{"line":104,"column":0},"end":{"line":104,"column":69}},"104":{"start":{"line":105,"column":0},"end":{"line":105,"column":5}},"105":{"start":{"line":106,"column":0},"end":{"line":106,"column":1}}},"s":{"0":1,"1":1,"2":1,"3":1,"4":1,"5":1,"6":1,"7":1,"8":1,"9":1,"10":1,"11":1,"12":1,"13":1,"14":0,"15":0,"16":1,"17":1,"18":1,"19":2,"20":2,"21":2,"22":2,"23":2,"24":2,"25":2,"26":2,"27":2,"28":1,"29":1,"30":1,"31":1,"32":2,"33":0,"34":0,"35":2,"36":1,"37":1,"38":3,"39":3,"40":3,"41":3,"42":1,"43":1,"44":2,"45":2,"46":2,"47":3,"48":0,"49":0,"50":2,"51":2,"52":2,"53":2,"54":2,"55":2,"56":2,"57":3,"58":1,"59":1,"60":1,"61":1,"62":1,"63":1,"64":1,"65":1,"66":1,"67":1,"68":1,"69":1,"70":1,"71":1,"72":3,"73":0,"74":0,"75":0,"76":3,"77":1,"78":1,"79":3,"80":3,"81":3,"82":3,"83":3,"84":3,"85":3,"86":3,"87":3,"88":1,"89":1,"90":2,"91":3,"92":1,"93":1,"94":1,"95":1,"96":1,"97":1,"98":1,"99":1,"100":1,"101":3,"102":0,"103":0,"104":0,"105":3},"branchMap":{"0":{"type":"branch","line":7,"loc":{"start":{"line":7,"column":35},"end":{"line":17,"column":1}},"locations":[{"start":{"line":7,"column":35},"end":{"line":17,"column":1}}]},"1":{"type":"branch","line":14,"loc":{"start":{"line":14,"column":6},"end":{"line":16,"column":5}},"locations":[{"start":{"line":14,"column":6},"end":{"line":16,"column":5}}]},"2":{"type":"branch","line":19,"loc":{"start":{"line":19,"column":35},"end":{"line":36,"column":1}},"locations":[{"start":{"line":19,"column":35},"end":{"line":36,"column":1}}]},"3":{"type":"branch","line":28,"loc":{"start":{"line":28,"column":40},"end":{"line":33,"column":6}},"locations":[{"start":{"line":28,"column":40},"end":{"line":33,"column":6}}]},"4":{"type":"branch","line":33,"loc":{"start":{"line":33,"column":6},"end":{"line":35,"column":5}},"locations":[{"start":{"line":33,"column":6},"end":{"line":35,"column":5}}]},"5":{"type":"branch","line":38,"loc":{"start":{"line":38,"column":39},"end":{"line":77,"column":1}},"locations":[{"start":{"line":38,"column":39},"end":{"line":77,"column":1}}]},"6":{"type":"branch","line":42,"loc":{"start":{"line":42,"column":21},"end":{"line":44,"column":9}},"locations":[{"start":{"line":42,"column":21},"end":{"line":44,"column":9}}]},"7":{"type":"branch","line":44,"loc":{"start":{"line":44,"column":8},"end":{"line":48,"column":17}},"locations":[{"start":{"line":44,"column":8},"end":{"line":48,"column":17}}]},"8":{"type":"branch","line":48,"loc":{"start":{"line":48,"column":17},"end":{"line":50,"column":9}},"locations":[{"start":{"line":48,"column":17},"end":{"line":50,"column":9}}]},"9":{"type":"branch","line":50,"loc":{"start":{"line":50,"column":8},"end":{"line":58,"column":40}},"locations":[{"start":{"line":50,"column":8},"end":{"line":58,"column":40}}]},"10":{"type":"branch","line":58,"loc":{"start":{"line":58,"column":40},"end":{"line":73,"column":6}},"locations":[{"start":{"line":58,"column":40},"end":{"line":73,"column":6}}]},"11":{"type":"branch","line":73,"loc":{"start":{"line":73,"column":6},"end":{"line":76,"column":5}},"locations":[{"start":{"line":73,"column":6},"end":{"line":76,"column":5}}]},"12":{"type":"branch","line":79,"loc":{"start":{"line":79,"column":39},"end":{"line":106,"column":1}},"locations":[{"start":{"line":79,"column":39},"end":{"line":106,"column":1}}]},"13":{"type":"branch","line":88,"loc":{"start":{"line":88,"column":40},"end":{"line":90,"column":9}},"locations":[{"start":{"line":88,"column":40},"end":{"line":90,"column":9}}]},"14":{"type":"branch","line":90,"loc":{"start":{"line":90,"column":8},"end":{"line":92,"column":47}},"locations":[{"start":{"line":90,"column":8},"end":{"line":92,"column":47}}]},"15":{"type":"branch","line":92,"loc":{"start":{"line":92,"column":47},"end":{"line":102,"column":6}},"locations":[{"start":{"line":92,"column":47},"end":{"line":102,"column":6}}]},"16":{"type":"branch","line":102,"loc":{"start":{"line":102,"column":6},"end":{"line":105,"column":5}},"locations":[{"start":{"line":102,"column":6},"end":{"line":105,"column":5}}]}},"b":{"0":[1],"1":[0],"2":[2],"3":[1],"4":[0],"5":[3],"6":[1],"7":[2],"8":[0],"9":[2],"10":[1],"11":[0],"12":[3],"13":[1],"14":[2],"15":[1],"16":[0]},"fnMap":{"0":{"name":"Object.<anonymous>.module.exports.fetchAllCustomers","decl":{"start":{"line":7,"column":35},"end":{"line":17,"column":1}},"loc":{"start":{"line":7,"column":35},"end":{"line":17,"column":1}},"line":7},"1":{"name":"Object.<anonymous>.module.exports.fetchCustomerById","decl":{"start":{"line":19,"column":35},"end":{"line":36,"column":1}},"loc":{"start":{"line":19,"column":35},"end":{"line":36,"column":1}},"line":19},"2":{"name":"Object.<anonymous>.module.exports.updateCustomerAccount","decl":{"start":{"line":38,"column":39},"end":{"line":77,"column":1}},"loc":{"start":{"line":38,"column":39},"end":{"line":77,"column":1}},"line":38},"3":{"name":"Object.<anonymous>.module.exports.deleteCustomerAccount","decl":{"start":{"line":79,"column":39},"end":{"line":106,"column":1}},"loc":{"start":{"line":79,"column":39},"end":{"line":106,"column":1}},"line":79}},"f":{"0":1,"1":2,"2":3,"3":3}}
,"/home/joyce/Documents/Projects/theJitu/shopie/api/src/controller/order.controller.js": {"path":"/home/joyce/Documents/Projects/theJitu/shopie/api/src/controller/order.controller.js","all":false,"statementMap":{"0":{"start":{"line":1,"column":0},"end":{"line":1,"column":30}},"1":{"start":{"line":2,"column":0},"end":{"line":2,"column":69}},"2":{"start":{"line":3,"column":0},"end":{"line":3,"column":0}},"3":{"start":{"line":4,"column":0},"end":{"line":4,"column":50}},"4":{"start":{"line":5,"column":0},"end":{"line":5,"column":0}},"5":{"start":{"line":6,"column":0},"end":{"line":6,"column":9}},"6":{"start":{"line":7,"column":0},"end":{"line":7,"column":8}},"7":{"start":{"line":8,"column":0},"end":{"line":8,"column":22}},"8":{"start":{"line":9,"column":0},"end":{"line":9,"column":81}},"9":{"start":{"line":10,"column":0},"end":{"line":10,"column":9}},"10":{"start":{"line":11,"column":0},"end":{"line":11,"column":0}},"11":{"start":{"line":12,"column":0},"end":{"line":12,"column":52}},"12":{"start":{"line":13,"column":0},"end":{"line":13,"column":37}},"13":{"start":{"line":14,"column":0},"end":{"line":14,"column":0}},"14":{"start":{"line":15,"column":0},"end":{"line":15,"column":51}},"15":{"start":{"line":16,"column":0},"end":{"line":16,"column":33}},"16":{"start":{"line":17,"column":0},"end":{"line":17,"column":18}},"17":{"start":{"line":18,"column":0},"end":{"line":18,"column":41}},"18":{"start":{"line":19,"column":0},"end":{"line":19,"column":39}},"19":{"start":{"line":20,"column":0},"end":{"line":20,"column":36}},"20":{"start":{"line":21,"column":0},"end":{"line":21,"column":38}},"21":{"start":{"line":22,"column":0},"end":{"line":22,"column":0}},"22":{"start":{"line":23,"column":0},"end":{"line":23,"column":40}},"23":{"start":{"line":24,"column":0},"end":{"line":24,"column":76}},"24":{"start":{"line":25,"column":0},"end":{"line":25,"column":9}},"25":{"start":{"line":26,"column":0},"end":{"line":26,"column":77}},"26":{"start":{"line":27,"column":0},"end":{"line":27,"column":0}},"27":{"start":{"line":28,"column":0},"end":{"line":28,"column":21}},"28":{"start":{"line":29,"column":0},"end":{"line":29,"column":69}},"29":{"start":{"line":30,"column":0},"end":{"line":30,"column":5}},"30":{"start":{"line":31,"column":0},"end":{"line":31,"column":0}},"31":{"start":{"line":32,"column":0},"end":{"line":32,"column":1}}},"s":{"0":1,"1":1,"2":1,"3":1,"4":3,"5":3,"6":3,"7":3,"8":1,"9":1,"10":2,"11":2,"12":2,"13":2,"14":2,"15":2,"16":2,"17":2,"18":2,"19":2,"20":2,"21":2,"22":3,"23":1,"24":1,"25":1,"26":1,"27":3,"28":0,"29":0,"30":3,"31":3},"branchMap":{"0":{"type":"branch","line":4,"loc":{"start":{"line":4,"column":32},"end":{"line":32,"column":1}},"locations":[{"start":{"line":4,"column":32},"end":{"line":32,"column":1}}]},"1":{"type":"branch","line":8,"loc":{"start":{"line":8,"column":21},"end":{"line":10,"column":9}},"locations":[{"start":{"line":8,"column":21},"end":{"line":10,"column":9}}]},"2":{"type":"branch","line":10,"loc":{"start":{"line":10,"column":8},"end":{"line":23,"column":39}},"locations":[{"start":{"line":10,"column":8},"end":{"line":23,"column":39}}]},"3":{"type":"branch","line":23,"loc":{"start":{"line":23,"column":39},"end":{"line":28,"column":6}},"locations":[{"start":{"line":23,"column":39},"end":{"line":28,"column":6}}]},"4":{"type":"branch","line":28,"loc":{"start":{"line":28,"column":6},"end":{"line":30,"column":5}},"locations":[{"start":{"line":28,"column":6},"end":{"line":30,"column":5}}]}},"b":{"0":[3],"1":[1],"2":[2],"3":[1],"4":[0]},"fnMap":{"0":{"name":"Object.<anonymous>.module.exports.createNewOrder","decl":{"start":{"line":4,"column":32},"end":{"line":32,"column":1}},"loc":{"start":{"line":4,"column":32},"end":{"line":32,"column":1}},"line":4}},"f":{"0":3}}
,"/home/joyce/Documents/Projects/theJitu/shopie/api/src/controller/product.controller.js": {"path":"/home/joyce/Documents/Projects/theJitu/shopie/api/src/controller/product.controller.js","all":false,"statementMap":{"0":{"start":{"line":1,"column":0},"end":{"line":1,"column":29}},"1":{"start":{"line":2,"column":0},"end":{"line":2,"column":32}},"2":{"start":{"line":3,"column":0},"end":{"line":3,"column":70}},"3":{"start":{"line":4,"column":0},"end":{"line":4,"column":0}},"4":{"start":{"line":5,"column":0},"end":{"line":5,"column":0}},"5":{"start":{"line":6,"column":0},"end":{"line":6,"column":37}},"6":{"start":{"line":7,"column":0},"end":{"line":7,"column":9}},"7":{"start":{"line":8,"column":0},"end":{"line":8,"column":8}},"8":{"start":{"line":9,"column":0},"end":{"line":9,"column":89}},"9":{"start":{"line":10,"column":0},"end":{"line":10,"column":0}},"10":{"start":{"line":11,"column":0},"end":{"line":11,"column":88}},"11":{"start":{"line":12,"column":0},"end":{"line":12,"column":75}},"12":{"start":{"line":13,"column":0},"end":{"line":13,"column":9}},"13":{"start":{"line":14,"column":0},"end":{"line":14,"column":0}},"14":{"start":{"line":15,"column":0},"end":{"line":15,"column":24}},"15":{"start":{"line":16,"column":0},"end":{"line":16,"column":0}},"16":{"start":{"line":17,"column":0},"end":{"line":17,"column":51}},"17":{"start":{"line":18,"column":0},"end":{"line":18,"column":0}},"18":{"start":{"line":19,"column":0},"end":{"line":19,"column":34}},"19":{"start":{"line":20,"column":0},"end":{"line":20,"column":18}},"20":{"start":{"line":21,"column":0},"end":{"line":21,"column":38}},"21":{"start":{"line":22,"column":0},"end":{"line":22,"column":59}},"22":{"start":{"line":23,"column":0},"end":{"line":23,"column":45}},"23":{"start":{"line":24,"column":0},"end":{"line":24,"column":57}},"24":{"start":{"line":25,"column":0},"end":{"line":25,"column":51}},"25":{"start":{"line":26,"column":0},"end":{"line":26,"column":41}},"26":{"start":{"line":27,"column":0},"end":{"line":27,"column":36}},"27":{"start":{"line":28,"column":0},"end":{"line":28,"column":30}},"28":{"start":{"line":29,"column":0},"end":{"line":29,"column":0}},"29":{"start":{"line":30,"column":0},"end":{"line":30,"column":0}},"30":{"start":{"line":31,"column":0},"end":{"line":31,"column":40}},"31":{"start":{"line":32,"column":0},"end":{"line":32,"column":93}},"32":{"start":{"line":33,"column":0},"end":{"line":33,"column":9}},"33":{"start":{"line":34,"column":0},"end":{"line":34,"column":8}},"34":{"start":{"line":35,"column":0},"end":{"line":35,"column":70}},"35":{"start":{"line":36,"column":0},"end":{"line":36,"column":0}},"36":{"start":{"line":37,"column":0},"end":{"line":37,"column":21}},"37":{"start":{"line":38,"column":0},"end":{"line":38,"column":59}},"38":{"start":{"line":39,"column":0},"end":{"line":39,"column":5}},"39":{"start":{"line":40,"column":0},"end":{"line":40,"column":1}},"40":{"start":{"line":41,"column":0},"end":{"line":41,"column":0}},"41":{"start":{"line":42,"column":0},"end":{"line":42,"column":43}},"42":{"start":{"line":43,"column":0},"end":{"line":43,"column":9}},"43":{"start":{"line":44,"column":0},"end":{"line":44,"column":53}},"44":{"start":{"line":45,"column":0},"end":{"line":45,"column":0}},"45":{"start":{"line":46,"column":0},"end":{"line":46,"column":85}},"46":{"start":{"line":47,"column":0},"end":{"line":47,"column":8}},"47":{"start":{"line":48,"column":0},"end":{"line":48,"column":0}},"48":{"start":{"line":49,"column":0},"end":{"line":49,"column":69}},"49":{"start":{"line":50,"column":0},"end":{"line":50,"column":0}},"50":{"start":{"line":51,"column":0},"end":{"line":51,"column":21}},"51":{"start":{"line":52,"column":0},"end":{"line":52,"column":47}},"52":{"start":{"line":53,"column":0},"end":{"line":53,"column":5}},"53":{"start":{"line":54,"column":0},"end":{"line":54,"column":1}},"54":{"start":{"line":55,"column":0},"end":{"line":55,"column":0}},"55":{"start":{"line":56,"column":0},"end":{"line":56,"column":40}},"56":{"start":{"line":57,"column":0},"end":{"line":57,"column":9}},"57":{"start":{"line":58,"column":0},"end":{"line":58,"column":0}},"58":{"start":{"line":59,"column":0},"end":{"line":59,"column":44}},"59":{"start":{"line":60,"column":0},"end":{"line":60,"column":0}},"60":{"start":{"line":61,"column":0},"end":{"line":61,"column":53}},"61":{"start":{"line":62,"column":0},"end":{"line":62,"column":0}},"62":{"start":{"line":63,"column":0},"end":{"line":63,"column":113}},"63":{"start":{"line":64,"column":0},"end":{"line":64,"column":8}},"64":{"start":{"line":65,"column":0},"end":{"line":65,"column":82}},"65":{"start":{"line":66,"column":0},"end":{"line":66,"column":0}},"66":{"start":{"line":67,"column":0},"end":{"line":67,"column":21}},"67":{"start":{"line":68,"column":0},"end":{"line":68,"column":32}},"68":{"start":{"line":69,"column":0},"end":{"line":69,"column":5}},"69":{"start":{"line":70,"column":0},"end":{"line":70,"column":1}},"70":{"start":{"line":71,"column":0},"end":{"line":71,"column":0}},"71":{"start":{"line":72,"column":0},"end":{"line":72,"column":0}},"72":{"start":{"line":73,"column":0},"end":{"line":73,"column":42}},"73":{"start":{"line":74,"column":0},"end":{"line":74,"column":9}},"74":{"start":{"line":75,"column":0},"end":{"line":75,"column":0}},"75":{"start":{"line":76,"column":0},"end":{"line":76,"column":34}},"76":{"start":{"line":77,"column":0},"end":{"line":77,"column":0}},"77":{"start":{"line":78,"column":0},"end":{"line":78,"column":52}},"78":{"start":{"line":79,"column":0},"end":{"line":79,"column":8}},"79":{"start":{"line":80,"column":0},"end":{"line":80,"column":103}},"80":{"start":{"line":81,"column":0},"end":{"line":81,"column":0}},"81":{"start":{"line":82,"column":0},"end":{"line":82,"column":23}},"82":{"start":{"line":83,"column":0},"end":{"line":83,"column":72}},"83":{"start":{"line":84,"column":0},"end":{"line":84,"column":9}},"84":{"start":{"line":85,"column":0},"end":{"line":85,"column":0}},"85":{"start":{"line":86,"column":0},"end":{"line":86,"column":25}},"86":{"start":{"line":87,"column":0},"end":{"line":87,"column":28}},"87":{"start":{"line":88,"column":0},"end":{"line":88,"column":10}},"88":{"start":{"line":89,"column":0},"end":{"line":89,"column":21}},"89":{"start":{"line":90,"column":0},"end":{"line":90,"column":47}},"90":{"start":{"line":91,"column":0},"end":{"line":91,"column":5}},"91":{"start":{"line":92,"column":0},"end":{"line":92,"column":1}},"92":{"start":{"line":93,"column":0},"end":{"line":93,"column":0}},"93":{"start":{"line":94,"column":0},"end":{"line":94,"column":39}},"94":{"start":{"line":95,"column":0},"end":{"line":95,"column":9}},"95":{"start":{"line":96,"column":0},"end":{"line":96,"column":31}},"96":{"start":{"line":97,"column":0},"end":{"line":97,"column":0}},"97":{"start":{"line":98,"column":0},"end":{"line":98,"column":7}},"98":{"start":{"line":99,"column":0},"end":{"line":99,"column":0}},"99":{"start":{"line":100,"column":0},"end":{"line":100,"column":79}},"100":{"start":{"line":101,"column":0},"end":{"line":101,"column":0}},"101":{"start":{"line":102,"column":0},"end":{"line":102,"column":76}},"102":{"start":{"line":103,"column":0},"end":{"line":103,"column":63}},"103":{"start":{"line":104,"column":0},"end":{"line":104,"column":9}},"104":{"start":{"line":105,"column":0},"end":{"line":105,"column":0}},"105":{"start":{"line":106,"column":0},"end":{"line":106,"column":51}},"106":{"start":{"line":107,"column":0},"end":{"line":107,"column":0}},"107":{"start":{"line":108,"column":0},"end":{"line":108,"column":27}},"108":{"start":{"line":109,"column":0},"end":{"line":109,"column":48}},"109":{"start":{"line":110,"column":0},"end":{"line":110,"column":46}},"110":{"start":{"line":111,"column":0},"end":{"line":111,"column":67}},"111":{"start":{"line":112,"column":0},"end":{"line":112,"column":53}},"112":{"start":{"line":113,"column":0},"end":{"line":113,"column":65}},"113":{"start":{"line":114,"column":0},"end":{"line":114,"column":59}},"114":{"start":{"line":115,"column":0},"end":{"line":115,"column":49}},"115":{"start":{"line":116,"column":0},"end":{"line":116,"column":41}},"116":{"start":{"line":117,"column":0},"end":{"line":117,"column":0}},"117":{"start":{"line":118,"column":0},"end":{"line":118,"column":16}},"118":{"start":{"line":119,"column":0},"end":{"line":119,"column":0}},"119":{"start":{"line":120,"column":0},"end":{"line":120,"column":45}},"120":{"start":{"line":121,"column":0},"end":{"line":121,"column":42}},"121":{"start":{"line":122,"column":0},"end":{"line":122,"column":63}},"122":{"start":{"line":123,"column":0},"end":{"line":123,"column":22}},"123":{"start":{"line":124,"column":0},"end":{"line":124,"column":22}},"124":{"start":{"line":125,"column":0},"end":{"line":125,"column":42}},"125":{"start":{"line":126,"column":0},"end":{"line":126,"column":50}},"126":{"start":{"line":127,"column":0},"end":{"line":127,"column":22}},"127":{"start":{"line":128,"column":0},"end":{"line":128,"column":17}},"128":{"start":{"line":129,"column":0},"end":{"line":129,"column":0}},"129":{"start":{"line":130,"column":0},"end":{"line":130,"column":9}},"130":{"start":{"line":131,"column":0},"end":{"line":131,"column":0}},"131":{"start":{"line":132,"column":0},"end":{"line":132,"column":21}},"132":{"start":{"line":133,"column":0},"end":{"line":133,"column":44}},"133":{"start":{"line":134,"column":0},"end":{"line":134,"column":5}},"134":{"start":{"line":135,"column":0},"end":{"line":135,"column":1}},"135":{"start":{"line":136,"column":0},"end":{"line":136,"column":0}},"136":{"start":{"line":137,"column":0},"end":{"line":137,"column":0}},"137":{"start":{"line":138,"column":0},"end":{"line":138,"column":0}},"138":{"start":{"line":139,"column":0},"end":{"line":139,"column":0}},"139":{"start":{"line":140,"column":0},"end":{"line":140,"column":40}},"140":{"start":{"line":141,"column":0},"end":{"line":141,"column":9}},"141":{"start":{"line":142,"column":0},"end":{"line":142,"column":0}},"142":{"start":{"line":143,"column":0},"end":{"line":143,"column":0}},"143":{"start":{"line":144,"column":0},"end":{"line":144,"column":33}},"144":{"start":{"line":145,"column":0},"end":{"line":145,"column":0}},"145":{"start":{"line":146,"column":0},"end":{"line":146,"column":51}},"146":{"start":{"line":147,"column":0},"end":{"line":147,"column":0}},"147":{"start":{"line":148,"column":0},"end":{"line":148,"column":43}},"148":{"start":{"line":149,"column":0},"end":{"line":149,"column":28}},"149":{"start":{"line":150,"column":0},"end":{"line":150,"column":38}},"150":{"start":{"line":151,"column":0},"end":{"line":151,"column":4}},"151":{"start":{"line":152,"column":0},"end":{"line":152,"column":4}},"152":{"start":{"line":153,"column":0},"end":{"line":153,"column":43}},"153":{"start":{"line":154,"column":0},"end":{"line":154,"column":82}},"154":{"start":{"line":155,"column":0},"end":{"line":155,"column":9}},"155":{"start":{"line":156,"column":0},"end":{"line":156,"column":8}},"156":{"start":{"line":157,"column":0},"end":{"line":157,"column":70}},"157":{"start":{"line":158,"column":0},"end":{"line":158,"column":21}},"158":{"start":{"line":159,"column":0},"end":{"line":159,"column":47}},"159":{"start":{"line":160,"column":0},"end":{"line":160,"column":5}},"160":{"start":{"line":161,"column":0},"end":{"line":161,"column":1}},"161":{"start":{"line":162,"column":0},"end":{"line":162,"column":0}},"162":{"start":{"line":163,"column":0},"end":{"line":163,"column":0}},"163":{"start":{"line":164,"column":0},"end":{"line":164,"column":18}},"164":{"start":{"line":165,"column":0},"end":{"line":165,"column":15}},"165":{"start":{"line":166,"column":0},"end":{"line":166,"column":21}},"166":{"start":{"line":167,"column":0},"end":{"line":167,"column":20}},"167":{"start":{"line":168,"column":0},"end":{"line":168,"column":18}},"168":{"start":{"line":169,"column":0},"end":{"line":169,"column":18}},"169":{"start":{"line":170,"column":0},"end":{"line":170,"column":17}},"170":{"start":{"line":171,"column":0},"end":{"line":171,"column":1}}},"s":{"0":1,"1":1,"2":1,"3":1,"4":1,"5":1,"6":2,"7":2,"8":2,"9":2,"10":2,"11":1,"12":1,"13":1,"14":1,"15":1,"16":1,"17":1,"18":1,"19":1,"20":1,"21":1,"22":1,"23":1,"24":1,"25":1,"26":1,"27":1,"28":1,"29":1,"30":1,"31":1,"32":1,"33":0,"34":0,"35":0,"36":0,"37":0,"38":0,"39":2,"40":1,"41":1,"42":1,"43":1,"44":1,"45":1,"46":1,"47":1,"48":1,"49":1,"50":1,"51":0,"52":0,"53":1,"54":1,"55":1,"56":1,"57":1,"58":1,"59":1,"60":1,"61":1,"62":1,"63":1,"64":1,"65":1,"66":1,"67":0,"68":0,"69":1,"70":1,"71":1,"72":1,"73":1,"74":1,"75":1,"76":1,"77":1,"78":1,"79":1,"80":1,"81":1,"82":0,"83":0,"84":1,"85":1,"86":1,"87":1,"88":1,"89":0,"90":0,"91":1,"92":1,"93":1,"94":2,"95":2,"96":2,"97":2,"98":2,"99":2,"100":2,"101":2,"102":0,"103":0,"104":2,"105":2,"106":2,"107":2,"108":2,"109":2,"110":2,"111":2,"112":2,"113":2,"114":2,"115":2,"116":2,"117":2,"118":2,"119":2,"120":1,"121":1,"122":1,"123":1,"124":1,"125":1,"126":1,"127":1,"128":2,"129":2,"130":2,"131":2,"132":0,"133":0,"134":2,"135":1,"136":1,"137":1,"138":1,"139":1,"140":1,"141":1,"142":1,"143":1,"144":1,"145":1,"146":1,"147":1,"148":1,"149":1,"150":1,"151":1,"152":1,"153":1,"154":1,"155":0,"156":0,"157":0,"158":0,"159":0,"160":1,"161":1,"162":1,"163":1,"164":1,"165":1,"166":1,"167":1,"168":1,"169":1,"170":1},"branchMap":{"0":{"type":"branch","line":6,"loc":{"start":{"line":6,"column":19},"end":{"line":40,"column":1}},"locations":[{"start":{"line":6,"column":19},"end":{"line":40,"column":1}}]},"1":{"type":"branch","line":11,"loc":{"start":{"line":11,"column":40},"end":{"line":11,"column":50}},"locations":[{"start":{"line":11,"column":40},"end":{"line":11,"column":50}}]},"2":{"type":"branch","line":11,"loc":{"start":{"line":11,"column":50},"end":{"line":11,"column":60}},"locations":[{"start":{"line":11,"column":50},"end":{"line":11,"column":60}}]},"3":{"type":"branch","line":11,"loc":{"start":{"line":11,"column":60},"end":{"line":11,"column":73}},"locations":[{"start":{"line":11,"column":60},"end":{"line":11,"column":73}}]},"4":{"type":"branch","line":11,"loc":{"start":{"line":11,"column":73},"end":{"line":11,"column":85}},"locations":[{"start":{"line":11,"column":73},"end":{"line":11,"column":85}}]},"5":{"type":"branch","line":11,"loc":{"start":{"line":11,"column":87},"end":{"line":33,"column":9}},"locations":[{"start":{"line":11,"column":87},"end":{"line":33,"column":9}}]},"6":{"type":"branch","line":33,"loc":{"start":{"line":33,"column":8},"end":{"line":39,"column":5}},"locations":[{"start":{"line":33,"column":8},"end":{"line":39,"column":5}}]},"7":{"type":"branch","line":42,"loc":{"start":{"line":42,"column":25},"end":{"line":54,"column":1}},"locations":[{"start":{"line":42,"column":25},"end":{"line":54,"column":1}}]},"8":{"type":"branch","line":51,"loc":{"start":{"line":51,"column":6},"end":{"line":53,"column":5}},"locations":[{"start":{"line":51,"column":6},"end":{"line":53,"column":5}}]},"9":{"type":"branch","line":56,"loc":{"start":{"line":56,"column":22},"end":{"line":70,"column":1}},"locations":[{"start":{"line":56,"column":22},"end":{"line":70,"column":1}}]},"10":{"type":"branch","line":67,"loc":{"start":{"line":67,"column":6},"end":{"line":69,"column":5}},"locations":[{"start":{"line":67,"column":6},"end":{"line":69,"column":5}}]},"11":{"type":"branch","line":73,"loc":{"start":{"line":73,"column":24},"end":{"line":92,"column":1}},"locations":[{"start":{"line":73,"column":24},"end":{"line":92,"column":1}}]},"12":{"type":"branch","line":82,"loc":{"start":{"line":82,"column":22},"end":{"line":84,"column":9}},"locations":[{"start":{"line":82,"column":22},"end":{"line":84,"column":9}}]},"13":{"type":"branch","line":89,"loc":{"start":{"line":89,"column":6},"end":{"line":91,"column":5}},"locations":[{"start":{"line":89,"column":6},"end":{"line":91,"column":5}}]},"14":{"type":"branch","line":94,"loc":{"start":{"line":94,"column":21},"end":{"line":135,"column":1}},"locations":[{"start":{"line":94,"column":21},"end":{"line":135,"column":1}}]},"15":{"type":"branch","line":102,"loc":{"start":{"line":102,"column":75},"end":{"line":104,"column":9}},"locations":[{"start":{"line":102,"column":75},"end":{"line":104,"column":9}}]},"16":{"type":"branch","line":120,"loc":{"start":{"line":120,"column":44},"end":{"line":128,"column":17}},"locations":[{"start":{"line":120,"column":44},"end":{"line":128,"column":17}}]},"17":{"type":"branch","line":132,"loc":{"start":{"line":132,"column":6},"end":{"line":134,"column":5}},"locations":[{"start":{"line":132,"column":6},"end":{"line":134,"column":5}}]},"18":{"type":"branch","line":140,"loc":{"start":{"line":140,"column":22},"end":{"line":161,"column":1}},"locations":[{"start":{"line":140,"column":22},"end":{"line":161,"column":1}}]},"19":{"type":"branch","line":155,"loc":{"start":{"line":155,"column":8},"end":{"line":160,"column":5}},"locations":[{"start":{"line":155,"column":8},"end":{"line":160,"column":5}}]}},"b":{"0":[2],"1":[1],"2":[1],"3":[1],"4":[1],"5":[1],"6":[0],"7":[1],"8":[0],"9":[1],"10":[0],"11":[1],"12":[0],"13":[0],"14":[2],"15":[0],"16":[1],"17":[0],"18":[1],"19":[0]},"fnMap":{"0":{"name":"addProduct","decl":{"start":{"line":6,"column":19},"end":{"line":40,"column":1}},"loc":{"start":{"line":6,"column":19},"end":{"line":40,"column":1}},"line":6},"1":{"name":"fetchAllProducts","decl":{"start":{"line":42,"column":25},"end":{"line":54,"column":1}},"loc":{"start":{"line":42,"column":25},"end":{"line":54,"column":1}},"line":42},"2":{"name":"fetchCategory","decl":{"start":{"line":56,"column":22},"end":{"line":70,"column":1}},"loc":{"start":{"line":56,"column":22},"end":{"line":70,"column":1}},"line":56},"3":{"name":"fetchOneProduct","decl":{"start":{"line":73,"column":24},"end":{"line":92,"column":1}},"loc":{"start":{"line":73,"column":24},"end":{"line":92,"column":1}},"line":73},"4":{"name":"updateProduct","decl":{"start":{"line":94,"column":21},"end":{"line":135,"column":1}},"loc":{"start":{"line":94,"column":21},"end":{"line":135,"column":1}},"line":94},"5":{"name":"deleteProject","decl":{"start":{"line":140,"column":22},"end":{"line":161,"column":1}},"loc":{"start":{"line":140,"column":22},"end":{"line":161,"column":1}},"line":140}},"f":{"0":2,"1":1,"2":1,"3":1,"4":2,"5":1}}
,"/home/joyce/Documents/Projects/theJitu/shopie/api/src/middleware/admin.authorization.js": {"path":"/home/joyce/Documents/Projects/theJitu/shopie/api/src/middleware/admin.authorization.js","all":false,"statementMap":{"0":{"start":{"line":1,"column":0},"end":{"line":1,"column":35}},"1":{"start":{"line":2,"column":0},"end":{"line":2,"column":0}},"2":{"start":{"line":3,"column":0},"end":{"line":3,"column":55}},"3":{"start":{"line":4,"column":0},"end":{"line":4,"column":9}},"4":{"start":{"line":5,"column":0},"end":{"line":5,"column":57}},"5":{"start":{"line":6,"column":0},"end":{"line":6,"column":26}},"6":{"start":{"line":7,"column":0},"end":{"line":7,"column":82}},"7":{"start":{"line":8,"column":0},"end":{"line":8,"column":14}},"8":{"start":{"line":9,"column":0},"end":{"line":9,"column":50}},"9":{"start":{"line":10,"column":0},"end":{"line":10,"column":35}},"10":{"start":{"line":11,"column":0},"end":{"line":11,"column":0}},"11":{"start":{"line":12,"column":0},"end":{"line":12,"column":23}},"12":{"start":{"line":13,"column":0},"end":{"line":13,"column":84}},"13":{"start":{"line":14,"column":0},"end":{"line":14,"column":18}},"14":{"start":{"line":15,"column":0},"end":{"line":15,"column":89}},"15":{"start":{"line":16,"column":0},"end":{"line":16,"column":20}},"16":{"start":{"line":17,"column":0},"end":{"line":17,"column":30}},"17":{"start":{"line":18,"column":0},"end":{"line":18,"column":75}},"18":{"start":{"line":19,"column":0},"end":{"line":19,"column":21}},"19":{"start":{"line":20,"column":0},"end":{"line":20,"column":51}},"20":{"start":{"line":21,"column":0},"end":{"line":21,"column":30}},"21":{"start":{"line":22,"column":0},"end":{"line":22,"column":26}},"22":{"start":{"line":23,"column":0},"end":{"line":23,"column":81}},"23":{"start":{"line":24,"column":0},"end":{"line":24,"column":21}},"24":{"start":{"line":25,"column":0},"end":{"line":25,"column":18}},"25":{"start":{"line":26,"column":0},"end":{"line":26,"column":13}},"26":{"start":{"line":27,"column":0},"end":{"line":27,"column":9}},"27":{"start":{"line":28,"column":0},"end":{"line":28,"column":0}},"28":{"start":{"line":29,"column":0},"end":{"line":29,"column":21}},"29":{"start":{"line":30,"column":0},"end":{"line":30,"column":94}},"30":{"start":{"line":31,"column":0},"end":{"line":31,"column":5}},"31":{"start":{"line":32,"column":0},"end":{"line":32,"column":1}}},"s":{"0":1,"1":1,"2":1,"3":5,"4":5,"5":5,"6":1,"7":5,"8":4,"9":4,"10":4,"11":4,"12":1,"13":4,"14":3,"15":3,"16":3,"17":1,"18":1,"19":3,"20":1,"21":1,"22":1,"23":1,"24":3,"25":3,"26":4,"27":5,"28":5,"29":0,"30":0,"31":5},"branchMap":{"0":{"type":"branch","line":3,"loc":{"start":{"line":3,"column":36},"end":{"line":32,"column":1}},"locations":[{"start":{"line":3,"column":36},"end":{"line":32,"column":1}}]},"1":{"type":"branch","line":6,"loc":{"start":{"line":6,"column":25},"end":{"line":8,"column":9}},"locations":[{"start":{"line":6,"column":25},"end":{"line":8,"column":9}}]},"2":{"type":"branch","line":8,"loc":{"start":{"line":8,"column":9},"end":{"line":27,"column":9}},"locations":[{"start":{"line":8,"column":9},"end":{"line":27,"column":9}}]},"3":{"type":"branch","line":12,"loc":{"start":{"line":12,"column":22},"end":{"line":14,"column":13}},"locations":[{"start":{"line":12,"column":22},"end":{"line":14,"column":13}}]},"4":{"type":"branch","line":14,"loc":{"start":{"line":14,"column":13},"end":{"line":26,"column":13}},"locations":[{"start":{"line":14,"column":13},"end":{"line":26,"column":13}}]},"5":{"type":"branch","line":29,"loc":{"start":{"line":29,"column":6},"end":{"line":31,"column":5}},"locations":[{"start":{"line":29,"column":6},"end":{"line":31,"column":5}}]},"6":{"type":"branch","line":15,"loc":{"start":{"line":15,"column":65},"end":{"line":25,"column":17}},"locations":[{"start":{"line":15,"column":65},"end":{"line":25,"column":17}}]},"7":{"type":"branch","line":17,"loc":{"start":{"line":17,"column":29},"end":{"line":19,"column":21}},"locations":[{"start":{"line":17,"column":29},"end":{"line":19,"column":21}}]},"8":{"type":"branch","line":19,"loc":{"start":{"line":19,"column":20},"end":{"line":20,"column":50}},"locations":[{"start":{"line":19,"column":20},"end":{"line":20,"column":50}}]},"9":{"type":"branch","line":20,"loc":{"start":{"line":20,"column":50},"end":{"line":24,"column":21}},"locations":[{"start":{"line":20,"column":50},"end":{"line":24,"column":21}}]}},"b":{"0":[5],"1":[1],"2":[4],"3":[1],"4":[3],"5":[0],"6":[3],"7":[1],"8":[2],"9":[1]},"fnMap":{"0":{"name":"Object.<anonymous>.module.exports.adminAuthorization","decl":{"start":{"line":3,"column":36},"end":{"line":32,"column":1}},"loc":{"start":{"line":3,"column":36},"end":{"line":32,"column":1}},"line":3}},"f":{"0":5}}
,"/home/joyce/Documents/Projects/theJitu/shopie/api/src/middleware/authorization.js": {"path":"/home/joyce/Documents/Projects/theJitu/shopie/api/src/middleware/authorization.js","all":false,"statementMap":{"0":{"start":{"line":1,"column":0},"end":{"line":1,"column":35}},"1":{"start":{"line":2,"column":0},"end":{"line":2,"column":0}},"2":{"start":{"line":3,"column":0},"end":{"line":3,"column":50}},"3":{"start":{"line":4,"column":0},"end":{"line":4,"column":9}},"4":{"start":{"line":5,"column":0},"end":{"line":5,"column":57}},"5":{"start":{"line":6,"column":0},"end":{"line":6,"column":26}},"6":{"start":{"line":7,"column":0},"end":{"line":7,"column":82}},"7":{"start":{"line":8,"column":0},"end":{"line":8,"column":14}},"8":{"start":{"line":9,"column":0},"end":{"line":9,"column":50}},"9":{"start":{"line":10,"column":0},"end":{"line":10,"column":35}},"10":{"start":{"line":11,"column":0},"end":{"line":11,"column":23}},"11":{"start":{"line":12,"column":0},"end":{"line":12,"column":84}},"12":{"start":{"line":13,"column":0},"end":{"line":13,"column":18}},"13":{"start":{"line":14,"column":0},"end":{"line":14,"column":89}},"14":{"start":{"line":15,"column":0},"end":{"line":15,"column":30}},"15":{"start":{"line":16,"column":0},"end":{"line":16,"column":75}},"16":{"start":{"line":17,"column":0},"end":{"line":17,"column":21}},"17":{"start":{"line":18,"column":0},"end":{"line":18,"column":37}},"18":{"start":{"line":19,"column":0},"end":{"line":19,"column":30}},"19":{"start":{"line":20,"column":0},"end":{"line":20,"column":26}},"20":{"start":{"line":21,"column":0},"end":{"line":21,"column":74}},"21":{"start":{"line":22,"column":0},"end":{"line":22,"column":21}},"22":{"start":{"line":23,"column":0},"end":{"line":23,"column":18}},"23":{"start":{"line":24,"column":0},"end":{"line":24,"column":13}},"24":{"start":{"line":25,"column":0},"end":{"line":25,"column":9}},"25":{"start":{"line":26,"column":0},"end":{"line":26,"column":21}},"26":{"start":{"line":27,"column":0},"end":{"line":27,"column":87}},"27":{"start":{"line":28,"column":0},"end":{"line":28,"column":5}},"28":{"start":{"line":29,"column":0},"end":{"line":29,"column":1}}},"s":{"0":1,"1":1,"2":1,"3":5,"4":5,"5":5,"6":1,"7":5,"8":4,"9":4,"10":4,"11":1,"12":4,"13":3,"14":3,"15":1,"16":1,"17":3,"18":1,"19":1,"20":1,"21":1,"22":3,"23":3,"24":4,"25":5,"26":0,"27":0,"28":5},"branchMap":{"0":{"type":"branch","line":3,"loc":{"start":{"line":3,"column":31},"end":{"line":29,"column":1}},"locations":[{"start":{"line":3,"column":31},"end":{"line":29,"column":1}}]},"1":{"type":"branch","line":6,"loc":{"start":{"line":6,"column":25},"end":{"line":8,"column":9}},"locations":[{"start":{"line":6,"column":25},"end":{"line":8,"column":9}}]},"2":{"type":"branch","line":8,"loc":{"start":{"line":8,"column":9},"end":{"line":25,"column":9}},"locations":[{"start":{"line":8,"column":9},"end":{"line":25,"column":9}}]},"3":{"type":"branch","line":11,"loc":{"start":{"line":11,"column":22},"end":{"line":13,"column":13}},"locations":[{"start":{"line":11,"column":22},"end":{"line":13,"column":13}}]},"4":{"type":"branch","line":13,"loc":{"start":{"line":13,"column":13},"end":{"line":24,"column":13}},"locations":[{"start":{"line":13,"column":13},"end":{"line":24,"column":13}}]},"5":{"type":"branch","line":26,"loc":{"start":{"line":26,"column":6},"end":{"line":28,"column":5}},"locations":[{"start":{"line":26,"column":6},"end":{"line":28,"column":5}}]},"6":{"type":"branch","line":14,"loc":{"start":{"line":14,"column":65},"end":{"line":23,"column":17}},"locations":[{"start":{"line":14,"column":65},"end":{"line":23,"column":17}}]},"7":{"type":"branch","line":15,"loc":{"start":{"line":15,"column":29},"end":{"line":17,"column":21}},"locations":[{"start":{"line":15,"column":29},"end":{"line":17,"column":21}}]},"8":{"type":"branch","line":17,"loc":{"start":{"line":17,"column":20},"end":{"line":18,"column":36}},"locations":[{"start":{"line":17,"column":20},"end":{"line":18,"column":36}}]},"9":{"type":"branch","line":18,"loc":{"start":{"line":18,"column":36},"end":{"line":22,"column":21}},"locations":[{"start":{"line":18,"column":36},"end":{"line":22,"column":21}}]}},"b":{"0":[5],"1":[1],"2":[4],"3":[1],"4":[3],"5":[0],"6":[3],"7":[1],"8":[2],"9":[1]},"fnMap":{"0":{"name":"Object.<anonymous>.module.exports.authorization","decl":{"start":{"line":3,"column":31},"end":{"line":29,"column":1}},"loc":{"start":{"line":3,"column":31},"end":{"line":29,"column":1}},"line":3}},"f":{"0":5}}
,"/home/joyce/Documents/Projects/theJitu/shopie/api/src/utils/validators.js": {"path":"/home/joyce/Documents/Projects/theJitu/shopie/api/src/utils/validators.js","all":false,"statementMap":{"0":{"start":{"line":1,"column":0},"end":{"line":1,"column":26}},"1":{"start":{"line":2,"column":0},"end":{"line":2,"column":0}},"2":{"start":{"line":3,"column":0},"end":{"line":3,"column":0}},"3":{"start":{"line":4,"column":0},"end":{"line":4,"column":48}},"4":{"start":{"line":5,"column":0},"end":{"line":5,"column":27}},"5":{"start":{"line":6,"column":0},"end":{"line":6,"column":11}},"6":{"start":{"line":7,"column":0},"end":{"line":7,"column":12}},"7":{"start":{"line":8,"column":0},"end":{"line":8,"column":15}},"8":{"start":{"line":9,"column":0},"end":{"line":9,"column":15}},"9":{"start":{"line":10,"column":0},"end":{"line":10,"column":61}},"10":{"start":{"line":11,"column":0},"end":{"line":11,"column":56}},"11":{"start":{"line":12,"column":0},"end":{"line":12,"column":68}},"12":{"start":{"line":13,"column":0},"end":{"line":13,"column":70}},"13":{"start":{"line":14,"column":0},"end":{"line":14,"column":55}},"14":{"start":{"line":15,"column":0},"end":{"line":15,"column":7}},"15":{"start":{"line":16,"column":0},"end":{"line":16,"column":4}},"16":{"start":{"line":17,"column":0},"end":{"line":17,"column":26}},"17":{"start":{"line":18,"column":0},"end":{"line":18,"column":11}},"18":{"start":{"line":19,"column":0},"end":{"line":19,"column":12}},"19":{"start":{"line":20,"column":0},"end":{"line":20,"column":15}},"20":{"start":{"line":21,"column":0},"end":{"line":21,"column":15}},"21":{"start":{"line":22,"column":0},"end":{"line":22,"column":60}},"22":{"start":{"line":23,"column":0},"end":{"line":23,"column":55}},"23":{"start":{"line":24,"column":0},"end":{"line":24,"column":70}},"24":{"start":{"line":25,"column":0},"end":{"line":25,"column":69}},"25":{"start":{"line":26,"column":0},"end":{"line":26,"column":53}},"26":{"start":{"line":27,"column":0},"end":{"line":27,"column":7}},"27":{"start":{"line":28,"column":0},"end":{"line":28,"column":0}},"28":{"start":{"line":29,"column":0},"end":{"line":29,"column":23}},"29":{"start":{"line":30,"column":0},"end":{"line":30,"column":67}},"30":{"start":{"line":31,"column":0},"end":{"line":31,"column":15}},"31":{"start":{"line":32,"column":0},"end":{"line":32,"column":15}},"32":{"start":{"line":33,"column":0},"end":{"line":33,"column":53}},"33":{"start":{"line":34,"column":0},"end":{"line":34,"column":49}},"34":{"start":{"line":35,"column":0},"end":{"line":35,"column":7}},"35":{"start":{"line":36,"column":0},"end":{"line":36,"column":0}},"36":{"start":{"line":37,"column":0},"end":{"line":37,"column":29}},"37":{"start":{"line":38,"column":0},"end":{"line":38,"column":15}},"38":{"start":{"line":39,"column":0},"end":{"line":39,"column":15}},"39":{"start":{"line":40,"column":0},"end":{"line":40,"column":56}},"40":{"start":{"line":41,"column":0},"end":{"line":41,"column":7}},"41":{"start":{"line":42,"column":0},"end":{"line":42,"column":0}},"42":{"start":{"line":43,"column":0},"end":{"line":43,"column":32}},"43":{"start":{"line":44,"column":0},"end":{"line":44,"column":10}},"44":{"start":{"line":45,"column":0},"end":{"line":45,"column":15}},"45":{"start":{"line":46,"column":0},"end":{"line":46,"column":15}},"46":{"start":{"line":47,"column":0},"end":{"line":47,"column":81}},"47":{"start":{"line":48,"column":0},"end":{"line":48,"column":59}},"48":{"start":{"line":49,"column":0},"end":{"line":49,"column":7}},"49":{"start":{"line":50,"column":0},"end":{"line":50,"column":0}},"50":{"start":{"line":51,"column":0},"end":{"line":51,"column":26}},"51":{"start":{"line":52,"column":0},"end":{"line":52,"column":11}},"52":{"start":{"line":53,"column":0},"end":{"line":53,"column":15}},"53":{"start":{"line":54,"column":0},"end":{"line":54,"column":15}},"54":{"start":{"line":55,"column":0},"end":{"line":55,"column":70}},"55":{"start":{"line":56,"column":0},"end":{"line":56,"column":52}},"56":{"start":{"line":57,"column":0},"end":{"line":57,"column":6}},"57":{"start":{"line":58,"column":0},"end":{"line":58,"column":2}},"58":{"start":{"line":59,"column":0},"end":{"line":59,"column":0}},"59":{"start":{"line":60,"column":0},"end":{"line":60,"column":0}},"60":{"start":{"line":61,"column":0},"end":{"line":61,"column":41}},"61":{"start":{"line":62,"column":0},"end":{"line":62,"column":23}},"62":{"start":{"line":63,"column":0},"end":{"line":63,"column":67}},"63":{"start":{"line":64,"column":0},"end":{"line":64,"column":15}},"64":{"start":{"line":65,"column":0},"end":{"line":65,"column":15}},"65":{"start":{"line":66,"column":0},"end":{"line":66,"column":53}},"66":{"start":{"line":67,"column":0},"end":{"line":67,"column":49}},"67":{"start":{"line":68,"column":0},"end":{"line":68,"column":7}},"68":{"start":{"line":69,"column":0},"end":{"line":69,"column":0}},"69":{"start":{"line":70,"column":0},"end":{"line":70,"column":26}},"70":{"start":{"line":71,"column":0},"end":{"line":71,"column":11}},"71":{"start":{"line":72,"column":0},"end":{"line":72,"column":15}},"72":{"start":{"line":73,"column":0},"end":{"line":73,"column":15}},"73":{"start":{"line":74,"column":0},"end":{"line":74,"column":70}},"74":{"start":{"line":75,"column":0},"end":{"line":75,"column":52}},"75":{"start":{"line":76,"column":0},"end":{"line":76,"column":6}},"76":{"start":{"line":77,"column":0},"end":{"line":77,"column":2}},"77":{"start":{"line":78,"column":0},"end":{"line":78,"column":0}},"78":{"start":{"line":79,"column":0},"end":{"line":79,"column":0}},"79":{"start":{"line":80,"column":0},"end":{"line":80,"column":42}},"80":{"start":{"line":81,"column":0},"end":{"line":81,"column":27}},"81":{"start":{"line":82,"column":0},"end":{"line":82,"column":11}},"82":{"start":{"line":83,"column":0},"end":{"line":83,"column":12}},"83":{"start":{"line":84,"column":0},"end":{"line":84,"column":15}},"84":{"start":{"line":85,"column":0},"end":{"line":85,"column":15}},"85":{"start":{"line":86,"column":0},"end":{"line":86,"column":61}},"86":{"start":{"line":87,"column":0},"end":{"line":87,"column":56}},"87":{"start":{"line":88,"column":0},"end":{"line":88,"column":68}},"88":{"start":{"line":89,"column":0},"end":{"line":89,"column":70}},"89":{"start":{"line":90,"column":0},"end":{"line":90,"column":55}},"90":{"start":{"line":91,"column":0},"end":{"line":91,"column":7}},"91":{"start":{"line":92,"column":0},"end":{"line":92,"column":4}},"92":{"start":{"line":93,"column":0},"end":{"line":93,"column":26}},"93":{"start":{"line":94,"column":0},"end":{"line":94,"column":11}},"94":{"start":{"line":95,"column":0},"end":{"line":95,"column":12}},"95":{"start":{"line":96,"column":0},"end":{"line":96,"column":15}},"96":{"start":{"line":97,"column":0},"end":{"line":97,"column":15}},"97":{"start":{"line":98,"column":0},"end":{"line":98,"column":60}},"98":{"start":{"line":99,"column":0},"end":{"line":99,"column":55}},"99":{"start":{"line":100,"column":0},"end":{"line":100,"column":70}},"100":{"start":{"line":101,"column":0},"end":{"line":101,"column":69}},"101":{"start":{"line":102,"column":0},"end":{"line":102,"column":53}},"102":{"start":{"line":103,"column":0},"end":{"line":103,"column":7}},"103":{"start":{"line":104,"column":0},"end":{"line":104,"column":0}},"104":{"start":{"line":105,"column":0},"end":{"line":105,"column":23}},"105":{"start":{"line":106,"column":0},"end":{"line":106,"column":67}},"106":{"start":{"line":107,"column":0},"end":{"line":107,"column":15}},"107":{"start":{"line":108,"column":0},"end":{"line":108,"column":15}},"108":{"start":{"line":109,"column":0},"end":{"line":109,"column":53}},"109":{"start":{"line":110,"column":0},"end":{"line":110,"column":49}},"110":{"start":{"line":111,"column":0},"end":{"line":111,"column":7}},"111":{"start":{"line":112,"column":0},"end":{"line":112,"column":4}},"112":{"start":{"line":113,"column":0},"end":{"line":113,"column":29}},"113":{"start":{"line":114,"column":0},"end":{"line":114,"column":15}},"114":{"start":{"line":115,"column":0},"end":{"line":115,"column":15}},"115":{"start":{"line":116,"column":0},"end":{"line":116,"column":56}},"116":{"start":{"line":117,"column":0},"end":{"line":117,"column":7}},"117":{"start":{"line":118,"column":0},"end":{"line":118,"column":0}},"118":{"start":{"line":119,"column":0},"end":{"line":119,"column":32}},"119":{"start":{"line":120,"column":0},"end":{"line":120,"column":10}},"120":{"start":{"line":121,"column":0},"end":{"line":121,"column":15}},"121":{"start":{"line":122,"column":0},"end":{"line":122,"column":15}},"122":{"start":{"line":123,"column":0},"end":{"line":123,"column":81}},"123":{"start":{"line":124,"column":0},"end":{"line":124,"column":59}},"124":{"start":{"line":125,"column":0},"end":{"line":125,"column":8}},"125":{"start":{"line":126,"column":0},"end":{"line":126,"column":2}}},"s":{"0":1,"1":1,"2":1,"3":1,"4":1,"5":1,"6":1,"7":1,"8":1,"9":1,"10":1,"11":1,"12":1,"13":1,"14":1,"15":1,"16":1,"17":1,"18":1,"19":1,"20":1,"21":1,"22":1,"23":1,"24":1,"25":1,"26":1,"27":1,"28":1,"29":1,"30":1,"31":1,"32":1,"33":1,"34":1,"35":1,"36":1,"37":1,"38":1,"39":1,"40":1,"41":1,"42":1,"43":1,"44":1,"45":1,"46":1,"47":1,"48":1,"49":1,"50":1,"51":1,"52":1,"53":1,"54":1,"55":1,"56":1,"57":1,"58":1,"59":1,"60":1,"61":1,"62":1,"63":1,"64":1,"65":1,"66":1,"67":1,"68":1,"69":1,"70":1,"71":1,"72":1,"73":1,"74":1,"75":1,"76":1,"77":1,"78":1,"79":1,"80":1,"81":1,"82":1,"83":1,"84":1,"85":1,"86":1,"87":1,"88":1,"89":1,"90":1,"91":1,"92":1,"93":1,"94":1,"95":1,"96":1,"97":1,"98":1,"99":1,"100":1,"101":1,"102":1,"103":1,"104":1,"105":1,"106":1,"107":1,"108":1,"109":1,"110":1,"111":1,"112":1,"113":1,"114":1,"115":1,"116":1,"117":1,"118":1,"119":1,"120":1,"121":1,"122":1,"123":1,"124":1,"125":1},"branchMap":{},"b":{},"fnMap":{},"f":{}}
}
