TN:
SF:src/config/database.connection.config.js
FNF:0
FNH:0
DA:1,1
DA:2,1
DA:3,1
DA:4,1
DA:5,1
DA:6,1
DA:7,1
DA:8,1
DA:9,1
DA:10,1
DA:11,1
DA:12,1
DA:13,1
DA:14,1
DA:15,1
LF:15
LH:15
BRF:0
BRH:0
end_of_record
TN:
SF:src/controller/auth.controller.js
FN:8,Object.<anonymous>.module.exports.registerCustomer
FN:52,Object.<anonymous>.module.exports.login
FN:99,Object.<anonymous>.module.exports.deactivateCustomerAccount
FN:128,Object.<anonymous>.module.exports.reactivateCustomerAccount
FNF:4
FNH:4
FNDA:3,Object.<anonymous>.module.exports.registerCustomer
FNDA:5,Object.<anonymous>.module.exports.login
FNDA:3,Object.<anonymous>.module.exports.deactivateCustomerAccount
FNDA:3,Object.<anonymous>.module.exports.reactivateCustomerAccount
DA:1,1
DA:2,1
DA:3,1
DA:4,1
DA:5,1
DA:6,1
DA:7,1
DA:8,1
DA:9,3
DA:10,3
DA:11,3
DA:12,1
DA:13,1
DA:14,2
DA:15,2
DA:16,2
DA:17,2
DA:18,3
DA:19,0
DA:20,0
DA:21,2
DA:22,2
DA:23,2
DA:24,2
DA:25,2
DA:26,2
DA:27,2
DA:28,3
DA:29,1
DA:30,1
DA:31,1
DA:32,1
DA:33,1
DA:34,1
DA:35,1
DA:36,1
DA:37,1
DA:38,1
DA:39,1
DA:40,1
DA:41,1
DA:42,1
DA:43,1
DA:44,1
DA:45,1
DA:46,1
DA:47,3
DA:48,0
DA:49,0
DA:50,3
DA:51,1
DA:52,1
DA:53,5
DA:54,5
DA:55,5
DA:56,5
DA:57,1
DA:58,1
DA:59,4
DA:60,4
DA:61,4
DA:62,5
DA:63,0
DA:64,0
DA:65,4
DA:66,4
DA:67,4
DA:68,4
DA:69,4
DA:70,4
DA:71,4
DA:72,5
DA:73,1
DA:74,1
DA:75,3
DA:76,5
DA:77,1
DA:78,1
DA:79,2
DA:80,2
DA:81,5
DA:82,1
DA:83,1
DA:84,1
DA:85,1
DA:86,1
DA:87,1
DA:88,1
DA:89,1
DA:90,1
DA:91,1
DA:92,5
DA:93,0
DA:94,0
DA:95,5
DA:96,5
DA:97,5
DA:98,1
DA:99,1
DA:100,3
DA:101,3
DA:102,3
DA:103,3
DA:104,3
DA:105,3
DA:106,3
DA:107,3
DA:108,3
DA:109,1
DA:110,1
DA:111,2
DA:112,3
DA:113,1
DA:114,1
DA:115,1
DA:116,1
DA:117,1
DA:118,1
DA:119,1
DA:120,1
DA:121,1
DA:122,1
DA:123,3
DA:124,0
DA:125,0
DA:126,3
DA:127,1
DA:128,1
DA:129,3
DA:130,3
DA:131,3
DA:132,3
DA:133,3
DA:134,3
DA:135,3
DA:136,3
DA:137,3
DA:138,3
DA:139,3
DA:140,3
DA:141,1
DA:142,1
DA:143,2
DA:144,3
DA:145,1
DA:146,1
DA:147,1
DA:148,1
DA:149,1
DA:150,1
DA:151,1
DA:152,1
DA:153,1
DA:154,1
DA:155,3
DA:156,0
DA:157,0
DA:158,3
DA:159,3
LF:159
LH:147
BRDA:8,0,0,3
BRDA:11,1,0,1
BRDA:13,2,0,2
BRDA:18,3,0,0
BRDA:20,4,0,2
BRDA:28,5,0,1
BRDA:47,6,0,0
BRDA:52,7,0,5
BRDA:56,8,0,1
BRDA:58,9,0,4
BRDA:62,10,0,0
BRDA:64,11,0,4
BRDA:72,12,0,1
BRDA:74,13,0,3
BRDA:76,14,0,1
BRDA:78,15,0,2
BRDA:81,16,0,1
BRDA:92,17,0,0
BRDA:99,18,0,3
BRDA:108,19,0,1
BRDA:110,20,0,2
BRDA:112,21,0,1
BRDA:123,22,0,0
BRDA:128,23,0,3
BRDA:140,24,0,1
BRDA:142,25,0,2
BRDA:144,26,0,1
BRDA:155,27,0,0
BRF:28
BRH:22
end_of_record
TN:
SF:src/controller/customer.controller.js
FN:7,Object.<anonymous>.module.exports.fetchAllCustomers
FN:19,Object.<anonymous>.module.exports.fetchCustomerById
FN:38,Object.<anonymous>.module.exports.updateCustomerAccount
FN:79,Object.<anonymous>.module.exports.deleteCustomerAccount
FNF:4
FNH:4
FNDA:1,Object.<anonymous>.module.exports.fetchAllCustomers
FNDA:2,Object.<anonymous>.module.exports.fetchCustomerById
FNDA:3,Object.<anonymous>.module.exports.updateCustomerAccount
FNDA:3,Object.<anonymous>.module.exports.deleteCustomerAccount
DA:1,1
DA:2,1
DA:3,1
DA:4,1
DA:5,1
DA:6,1
DA:7,1
DA:8,1
DA:9,1
DA:10,1
DA:11,1
DA:12,1
DA:13,1
DA:14,1
DA:15,0
DA:16,0
DA:17,1
DA:18,1
DA:19,1
DA:20,2
DA:21,2
DA:22,2
DA:23,2
DA:24,2
DA:25,2
DA:26,2
DA:27,2
DA:28,2
DA:29,1
DA:30,1
DA:31,1
DA:32,1
DA:33,2
DA:34,0
DA:35,0
DA:36,2
DA:37,1
DA:38,1
DA:39,3
DA:40,3
DA:41,3
DA:42,3
DA:43,1
DA:44,1
DA:45,2
DA:46,2
DA:47,2
DA:48,3
DA:49,0
DA:50,0
DA:51,2
DA:52,2
DA:53,2
DA:54,2
DA:55,2
DA:56,2
DA:57,2
DA:58,3
DA:59,1
DA:60,1
DA:61,1
DA:62,1
DA:63,1
DA:64,1
DA:65,1
DA:66,1
DA:67,1
DA:68,1
DA:69,1
DA:70,1
DA:71,1
DA:72,1
DA:73,3
DA:74,0
DA:75,0
DA:76,0
DA:77,3
DA:78,1
DA:79,1
DA:80,3
DA:81,3
DA:82,3
DA:83,3
DA:84,3
DA:85,3
DA:86,3
DA:87,3
DA:88,3
DA:89,1
DA:90,1
DA:91,2
DA:92,3
DA:93,1
DA:94,1
DA:95,1
DA:96,1
DA:97,1
DA:98,1
DA:99,1
DA:100,1
DA:101,1
DA:102,3
DA:103,0
DA:104,0
DA:105,0
DA:106,3
LF:106
LH:94
BRDA:7,0,0,1
BRDA:14,1,0,0
BRDA:19,2,0,2
BRDA:28,3,0,1
BRDA:33,4,0,0
BRDA:38,5,0,3
BRDA:42,6,0,1
BRDA:44,7,0,2
BRDA:48,8,0,0
BRDA:50,9,0,2
BRDA:58,10,0,1
BRDA:73,11,0,0
BRDA:79,12,0,3
BRDA:88,13,0,1
BRDA:90,14,0,2
BRDA:92,15,0,1
BRDA:102,16,0,0
BRF:17
BRH:12
end_of_record
TN:
SF:src/controller/product.controller.js
FN:6,addProduct
FN:62,fetchAllProducts
FN:75,fetchCategory
FN:93,fetchOneProduct
FN:114,updateProduct
FN:161,deleteProject
FNF:6
FNH:6
FNDA:2,addProduct
FNDA:1,fetchAllProducts
FNDA:1,fetchCategory
FNDA:1,fetchOneProduct
FNDA:2,updateProduct
FNDA:2,deleteProject
DA:1,1
DA:2,1
DA:3,1
DA:4,1
DA:5,1
DA:6,1
DA:7,2
DA:8,2
DA:9,2
DA:10,2
DA:11,2
DA:12,2
DA:13,2
DA:14,2
DA:15,2
DA:16,2
DA:17,2
DA:18,1
DA:19,1
DA:20,1
DA:21,1
DA:22,1
DA:23,1
DA:24,1
DA:25,1
DA:26,1
DA:27,1
DA:28,1
DA:29,1
DA:30,1
DA:31,1
DA:32,1
DA:33,1
DA:34,1
DA:35,1
DA:36,1
DA:37,1
DA:38,1
DA:39,1
DA:40,1
DA:41,1
DA:42,1
DA:43,1
DA:44,1
DA:45,1
DA:46,1
DA:47,1
DA:48,1
DA:49,1
DA:50,1
DA:51,2
DA:52,0
DA:53,0
DA:54,2
DA:55,2
DA:56,2
DA:57,2
DA:58,0
DA:59,0
DA:60,2
DA:61,1
DA:62,1
DA:63,1
DA:64,1
DA:65,1
DA:66,1
DA:67,1
DA:68,1
DA:69,1
DA:70,1
DA:71,0
DA:72,0
DA:73,1
DA:74,1
DA:75,1
DA:76,1
DA:77,1
DA:78,1
DA:79,1
DA:80,1
DA:81,1
DA:82,1
DA:83,1
DA:84,1
DA:85,1
DA:86,1
DA:87,1
DA:88,0
DA:89,0
DA:90,1
DA:91,1
DA:92,1
DA:93,1
DA:94,1
DA:95,1
DA:96,1
DA:97,1
DA:98,1
DA:99,1
DA:100,1
DA:101,1
DA:102,1
DA:103,0
DA:104,0
DA:105,1
DA:106,1
DA:107,1
DA:108,1
DA:109,1
DA:110,0
DA:111,0
DA:112,1
DA:113,1
DA:114,1
DA:115,2
DA:116,2
DA:117,2
DA:118,2
DA:119,2
DA:120,2
DA:121,2
DA:122,2
DA:123,0
DA:124,0
DA:125,2
DA:126,2
DA:127,2
DA:128,2
DA:129,2
DA:130,2
DA:131,2
DA:132,2
DA:133,2
DA:134,2
DA:135,2
DA:136,2
DA:137,2
DA:138,2
DA:139,2
DA:140,2
DA:141,2
DA:142,1
DA:143,1
DA:144,1
DA:145,1
DA:146,1
DA:147,1
DA:148,1
DA:149,1
DA:150,2
DA:151,2
DA:152,2
DA:153,2
DA:154,0
DA:155,0
DA:156,2
DA:157,1
DA:158,1
DA:159,1
DA:160,1
DA:161,1
DA:162,2
DA:163,2
DA:164,2
DA:165,2
DA:166,2
DA:167,2
DA:168,2
DA:169,2
DA:170,2
DA:171,2
DA:172,2
DA:173,2
DA:174,2
DA:175,2
DA:176,2
DA:177,2
DA:178,2
DA:179,2
DA:180,2
DA:181,1
DA:182,1
DA:183,2
DA:184,2
DA:185,2
DA:186,2
DA:187,2
DA:188,2
DA:189,1
DA:190,1
DA:191,1
DA:192,1
DA:193,1
DA:194,1
DA:195,1
DA:196,1
DA:197,2
DA:198,2
DA:199,2
DA:200,2
DA:201,2
DA:202,0
DA:203,0
DA:204,2
DA:205,1
DA:206,1
DA:207,1
DA:208,1
DA:209,1
DA:210,1
DA:211,1
DA:212,1
DA:213,1
DA:214,1
LF:214
LH:196
BRDA:6,0,0,2
BRDA:17,1,0,1
BRDA:17,2,0,1
BRDA:17,3,0,1
BRDA:17,4,0,1
BRDA:17,5,0,1
BRDA:51,6,0,0
BRDA:57,7,0,0
BRDA:62,8,0,1
BRDA:70,9,0,0
BRDA:75,10,0,1
BRDA:87,11,0,0
BRDA:93,12,0,1
BRDA:102,13,0,0
BRDA:109,14,0,0
BRDA:114,15,0,2
BRDA:122,16,0,0
BRDA:141,17,0,1
BRDA:153,18,0,0
BRDA:161,19,0,2
BRDA:180,20,0,1
BRDA:188,21,0,1
BRDA:201,22,0,0
BRF:23
BRH:14
end_of_record
TN:
SF:src/middleware/admin.authorization.js
FN:3,Object.<anonymous>.module.exports.adminAuthorization
FNF:1
FNH:1
FNDA:5,Object.<anonymous>.module.exports.adminAuthorization
DA:1,1
DA:2,1
DA:3,1
DA:4,5
DA:5,5
DA:6,5
DA:7,1
DA:8,5
DA:9,4
DA:10,4
DA:11,4
DA:12,4
DA:13,1
DA:14,4
DA:15,3
DA:16,3
DA:17,3
DA:18,1
DA:19,1
DA:20,3
DA:21,1
DA:22,1
DA:23,1
DA:24,1
DA:25,3
DA:26,3
DA:27,4
DA:28,5
DA:29,5
DA:30,0
DA:31,0
DA:32,5
LF:32
LH:30
BRDA:3,0,0,5
BRDA:6,1,0,1
BRDA:8,2,0,4
BRDA:12,3,0,1
BRDA:14,4,0,3
BRDA:29,5,0,0
BRDA:15,6,0,3
BRDA:17,7,0,1
BRDA:19,8,0,2
BRDA:20,9,0,1
BRF:10
BRH:9
end_of_record
TN:
SF:src/middleware/authorization.js
FN:3,Object.<anonymous>.module.exports.authorization
FNF:1
FNH:1
FNDA:5,Object.<anonymous>.module.exports.authorization
DA:1,1
DA:2,1
DA:3,1
DA:4,5
DA:5,5
DA:6,5
DA:7,1
DA:8,5
DA:9,4
DA:10,4
DA:11,4
DA:12,1
DA:13,4
DA:14,3
DA:15,3
DA:16,1
DA:17,1
DA:18,3
DA:19,1
DA:20,1
DA:21,1
DA:22,1
DA:23,3
DA:24,3
DA:25,4
DA:26,5
DA:27,0
DA:28,0
DA:29,5
LF:29
LH:27
BRDA:3,0,0,5
BRDA:6,1,0,1
BRDA:8,2,0,4
BRDA:11,3,0,1
BRDA:13,4,0,3
BRDA:26,5,0,0
BRDA:14,6,0,3
BRDA:15,7,0,1
BRDA:17,8,0,2
BRDA:18,9,0,1
BRF:10
BRH:9
end_of_record
TN:
SF:src/utils/validators.js
FNF:0
FNH:0
DA:1,1
DA:2,1
DA:3,1
DA:4,1
DA:5,1
DA:6,1
DA:7,1
DA:8,1
DA:9,1
DA:10,1
DA:11,1
DA:12,1
DA:13,1
DA:14,1
DA:15,1
DA:16,1
DA:17,1
DA:18,1
DA:19,1
DA:20,1
DA:21,1
DA:22,1
DA:23,1
DA:24,1
DA:25,1
DA:26,1
DA:27,1
DA:28,1
DA:29,1
DA:30,1
DA:31,1
DA:32,1
DA:33,1
DA:34,1
DA:35,1
DA:36,1
DA:37,1
DA:38,1
DA:39,1
DA:40,1
DA:41,1
DA:42,1
DA:43,1
DA:44,1
DA:45,1
DA:46,1
DA:47,1
DA:48,1
DA:49,1
DA:50,1
DA:51,1
DA:52,1
DA:53,1
DA:54,1
DA:55,1
DA:56,1
DA:57,1
DA:58,1
DA:59,1
DA:60,1
DA:61,1
DA:62,1
DA:63,1
DA:64,1
DA:65,1
DA:66,1
DA:67,1
DA:68,1
DA:69,1
DA:70,1
DA:71,1
DA:72,1
DA:73,1
DA:74,1
DA:75,1
DA:76,1
DA:77,1
DA:78,1
DA:79,1
DA:80,1
DA:81,1
DA:82,1
DA:83,1
DA:84,1
DA:85,1
DA:86,1
DA:87,1
DA:88,1
DA:89,1
DA:90,1
DA:91,1
DA:92,1
DA:93,1
DA:94,1
DA:95,1
DA:96,1
DA:97,1
DA:98,1
DA:99,1
DA:100,1
DA:101,1
DA:102,1
DA:103,1
DA:104,1
DA:105,1
DA:106,1
DA:107,1
DA:108,1
DA:109,1
DA:110,1
DA:111,1
DA:112,1
DA:113,1
DA:114,1
DA:115,1
DA:116,1
DA:117,1
DA:118,1
DA:119,1
DA:120,1
DA:121,1
DA:122,1
DA:123,1
DA:124,1
DA:125,1
DA:126,1
LF:126
LH:126
BRF:0
BRH:0
end_of_record
