TN:
SF:src/config/database.connection.config.js
FNF:0
FNH:0
DA:1,1
DA:2,1
DA:3,1
DA:4,1
DA:5,1
DA:6,1
DA:7,1
DA:8,1
DA:9,1
DA:10,1
DA:11,1
DA:12,1
DA:13,1
DA:14,1
DA:15,1
LF:15
LH:15
BRF:0
BRH:0
end_of_record
TN:
SF:src/controller/auth.controller.js
FN:10,Object.<anonymous>.module.exports.registerCustomer
FN:54,Object.<anonymous>.module.exports.login
FN:101,Object.<anonymous>.module.exports.deactivateCustomerAccount
FN:130,Object.<anonymous>.module.exports.reactivateCustomerAccount
FN:171,Object.<anonymous>.module.exports.forgotPassword
FN:227,Object.<anonymous>.module.exports.verifyToken
FN:252,Object.<anonymous>.module.exports.resetPassword
FNF:7
FNH:7
FNDA:3,Object.<anonymous>.module.exports.registerCustomer
FNDA:5,Object.<anonymous>.module.exports.login
FNDA:3,Object.<anonymous>.module.exports.deactivateCustomerAccount
FNDA:3,Object.<anonymous>.module.exports.reactivateCustomerAccount
FNDA:4,Object.<anonymous>.module.exports.forgotPassword
FNDA:4,Object.<anonymous>.module.exports.verifyToken
FNDA:3,Object.<anonymous>.module.exports.resetPassword
DA:1,1
DA:2,1
DA:3,1
DA:4,1
DA:5,1
DA:6,1
DA:7,1
DA:8,1
DA:9,1
DA:10,1
DA:11,3
DA:12,3
DA:13,3
DA:14,1
DA:15,1
DA:16,2
DA:17,2
DA:18,2
DA:19,2
DA:20,3
DA:21,0
DA:22,0
DA:23,2
DA:24,2
DA:25,2
DA:26,2
DA:27,2
DA:28,2
DA:29,2
DA:30,3
DA:31,1
DA:32,1
DA:33,1
DA:34,1
DA:35,1
DA:36,1
DA:37,1
DA:38,1
DA:39,1
DA:40,1
DA:41,1
DA:42,1
DA:43,1
DA:44,1
DA:45,1
DA:46,1
DA:47,1
DA:48,1
DA:49,3
DA:50,0
DA:51,0
DA:52,3
DA:53,1
DA:54,1
DA:55,5
DA:56,5
DA:57,5
DA:58,5
DA:59,1
DA:60,1
DA:61,4
DA:62,4
DA:63,4
DA:64,5
DA:65,0
DA:66,0
DA:67,4
DA:68,4
DA:69,4
DA:70,4
DA:71,4
DA:72,4
DA:73,4
DA:74,5
DA:75,1
DA:76,1
DA:77,3
DA:78,5
DA:79,1
DA:80,1
DA:81,2
DA:82,2
DA:83,5
DA:84,1
DA:85,1
DA:86,1
DA:87,1
DA:88,1
DA:89,1
DA:90,1
DA:91,1
DA:92,1
DA:93,1
DA:94,5
DA:95,0
DA:96,0
DA:97,5
DA:98,5
DA:99,5
DA:100,1
DA:101,1
DA:102,3
DA:103,3
DA:104,3
DA:105,3
DA:106,3
DA:107,3
DA:108,3
DA:109,3
DA:110,3
DA:111,1
DA:112,1
DA:113,2
DA:114,3
DA:115,1
DA:116,1
DA:117,1
DA:118,1
DA:119,1
DA:120,1
DA:121,1
DA:122,1
DA:123,1
DA:124,1
DA:125,3
DA:126,0
DA:127,0
DA:128,3
DA:129,1
DA:130,1
DA:131,3
DA:132,3
DA:133,3
DA:134,3
DA:135,3
DA:136,3
DA:137,3
DA:138,3
DA:139,3
DA:140,3
DA:141,3
DA:142,3
DA:143,1
DA:144,1
DA:145,2
DA:146,3
DA:147,1
DA:148,1
DA:149,1
DA:150,1
DA:151,1
DA:152,3
DA:153,0
DA:154,0
DA:155,1
DA:156,1
DA:157,1
DA:158,1
DA:159,1
DA:160,1
DA:161,1
DA:162,1
DA:163,1
DA:164,3
DA:165,0
DA:166,0
DA:167,3
DA:168,3
DA:169,1
DA:170,1
DA:171,1
DA:172,4
DA:173,4
DA:174,4
DA:175,1
DA:176,1
DA:177,3
DA:178,3
DA:179,3
DA:180,3
DA:181,3
DA:182,3
DA:183,3
DA:184,3
DA:185,3
DA:186,4
DA:187,1
DA:188,1
DA:189,2
DA:190,2
DA:191,2
DA:192,2
DA:193,2
DA:194,2
DA:195,2
DA:196,2
DA:197,2
DA:198,2
DA:199,2
DA:200,2
DA:201,2
DA:202,2
DA:203,2
DA:204,2
DA:205,2
DA:206,2
DA:207,2
DA:208,2
DA:209,2
DA:210,2
DA:211,2
DA:212,2
DA:213,2
DA:214,2
DA:215,2
DA:216,1
DA:217,1
DA:218,1
DA:219,2
DA:220,2
DA:221,4
DA:222,0
DA:223,0
DA:224,4
DA:225,1
DA:226,1
DA:227,1
DA:228,4
DA:229,4
DA:230,1
DA:231,1
DA:232,3
DA:233,3
DA:234,3
DA:235,3
DA:236,3
DA:237,3
DA:238,3
DA:239,4
DA:240,1
DA:241,1
DA:242,2
DA:243,4
DA:244,1
DA:245,1
DA:246,1
DA:247,4
DA:248,0
DA:249,0
DA:250,4
DA:251,1
DA:252,1
DA:253,3
DA:254,3
DA:255,3
DA:256,1
DA:257,1
DA:258,2
DA:259,2
DA:260,2
DA:261,2
DA:262,2
DA:263,2
DA:264,2
DA:265,2
DA:266,3
DA:267,1
DA:268,1
DA:269,1
DA:270,1
DA:271,1
DA:272,1
DA:273,1
DA:274,1
DA:275,1
DA:276,1
DA:277,1
DA:278,1
DA:279,1
DA:280,3
DA:281,0
DA:282,0
DA:283,3
LF:283
LH:263
BRDA:10,0,0,3
BRDA:13,1,0,1
BRDA:15,2,0,2
BRDA:20,3,0,0
BRDA:22,4,0,2
BRDA:30,5,0,1
BRDA:49,6,0,0
BRDA:54,7,0,5
BRDA:58,8,0,1
BRDA:60,9,0,4
BRDA:64,10,0,0
BRDA:66,11,0,4
BRDA:74,12,0,1
BRDA:76,13,0,3
BRDA:78,14,0,1
BRDA:80,15,0,2
BRDA:83,16,0,1
BRDA:94,17,0,0
BRDA:101,18,0,3
BRDA:110,19,0,1
BRDA:112,20,0,2
BRDA:114,21,0,1
BRDA:125,22,0,0
BRDA:130,23,0,3
BRDA:142,24,0,1
BRDA:144,25,0,2
BRDA:146,26,0,1
BRDA:152,27,0,0
BRDA:154,28,0,1
BRDA:164,29,0,0
BRDA:171,30,0,4
BRDA:174,31,0,1
BRDA:176,32,0,3
BRDA:186,33,0,1
BRDA:188,34,0,2
BRDA:221,35,0,0
BRDA:214,36,0,2
BRDA:215,37,0,1
BRDA:227,38,0,4
BRDA:229,39,0,1
BRDA:231,40,0,3
BRDA:239,41,0,1
BRDA:241,42,0,2
BRDA:243,43,0,1
BRDA:247,44,0,0
BRDA:252,45,0,3
BRDA:255,46,0,1
BRDA:257,47,0,2
BRDA:266,48,0,1
BRDA:280,49,0,0
BRF:50
BRH:40
end_of_record
TN:
SF:src/controller/customer.controller.js
FN:7,Object.<anonymous>.module.exports.fetchAllCustomers
FN:19,Object.<anonymous>.module.exports.fetchCustomerById
FN:38,Object.<anonymous>.module.exports.updateCustomerAccount
FN:79,Object.<anonymous>.module.exports.deleteCustomerAccount
FNF:4
FNH:4
FNDA:1,Object.<anonymous>.module.exports.fetchAllCustomers
FNDA:2,Object.<anonymous>.module.exports.fetchCustomerById
FNDA:3,Object.<anonymous>.module.exports.updateCustomerAccount
FNDA:3,Object.<anonymous>.module.exports.deleteCustomerAccount
DA:1,1
DA:2,1
DA:3,1
DA:4,1
DA:5,1
DA:6,1
DA:7,1
DA:8,1
DA:9,1
DA:10,1
DA:11,1
DA:12,1
DA:13,1
DA:14,1
DA:15,0
DA:16,0
DA:17,1
DA:18,1
DA:19,1
DA:20,2
DA:21,2
DA:22,2
DA:23,2
DA:24,2
DA:25,2
DA:26,2
DA:27,2
DA:28,2
DA:29,1
DA:30,1
DA:31,1
DA:32,1
DA:33,2
DA:34,0
DA:35,0
DA:36,2
DA:37,1
DA:38,1
DA:39,3
DA:40,3
DA:41,3
DA:42,3
DA:43,1
DA:44,1
DA:45,2
DA:46,2
DA:47,2
DA:48,3
DA:49,0
DA:50,0
DA:51,2
DA:52,2
DA:53,2
DA:54,2
DA:55,2
DA:56,2
DA:57,2
DA:58,3
DA:59,1
DA:60,1
DA:61,1
DA:62,1
DA:63,1
DA:64,1
DA:65,1
DA:66,1
DA:67,1
DA:68,1
DA:69,1
DA:70,1
DA:71,1
DA:72,1
DA:73,3
DA:74,0
DA:75,0
DA:76,0
DA:77,3
DA:78,1
DA:79,1
DA:80,3
DA:81,3
DA:82,3
DA:83,3
DA:84,3
DA:85,3
DA:86,3
DA:87,3
DA:88,3
DA:89,1
DA:90,1
DA:91,2
DA:92,3
DA:93,1
DA:94,1
DA:95,1
DA:96,1
DA:97,1
DA:98,1
DA:99,1
DA:100,1
DA:101,1
DA:102,3
DA:103,0
DA:104,0
DA:105,0
DA:106,3
LF:106
LH:94
BRDA:7,0,0,1
BRDA:14,1,0,0
BRDA:19,2,0,2
BRDA:28,3,0,1
BRDA:33,4,0,0
BRDA:38,5,0,3
BRDA:42,6,0,1
BRDA:44,7,0,2
BRDA:48,8,0,0
BRDA:50,9,0,2
BRDA:58,10,0,1
BRDA:73,11,0,0
BRDA:79,12,0,3
BRDA:88,13,0,1
BRDA:90,14,0,2
BRDA:92,15,0,1
BRDA:102,16,0,0
BRF:17
BRH:12
end_of_record
TN:
SF:src/controller/order.controller.js
FN:4,Object.<anonymous>.module.exports.createNewOrder
FNF:1
FNH:1
FNDA:3,Object.<anonymous>.module.exports.createNewOrder
DA:1,1
DA:2,1
DA:3,1
DA:4,1
DA:5,3
DA:6,3
DA:7,3
DA:8,3
DA:9,1
DA:10,1
DA:11,2
DA:12,2
DA:13,2
DA:14,2
DA:15,2
DA:16,2
DA:17,2
DA:18,2
DA:19,2
DA:20,2
DA:21,2
DA:22,2
DA:23,3
DA:24,1
DA:25,1
DA:26,1
DA:27,1
DA:28,3
DA:29,0
DA:30,0
DA:31,3
DA:32,3
LF:32
LH:30
BRDA:4,0,0,3
BRDA:8,1,0,1
BRDA:10,2,0,2
BRDA:23,3,0,1
BRDA:28,4,0,0
BRF:5
BRH:4
end_of_record
TN:
SF:src/controller/product.controller.js
FN:6,addProduct
FN:42,fetchAllProducts
FN:56,fetchCategory
FN:73,fetchOneProduct
FN:94,updateProduct
FN:140,deleteProject
FNF:6
FNH:6
FNDA:2,addProduct
FNDA:1,fetchAllProducts
FNDA:1,fetchCategory
FNDA:1,fetchOneProduct
FNDA:2,updateProduct
FNDA:1,deleteProject
DA:1,1
DA:2,1
DA:3,1
DA:4,1
DA:5,1
DA:6,1
DA:7,2
DA:8,2
DA:9,2
DA:10,2
DA:11,2
DA:12,1
DA:13,1
DA:14,1
DA:15,1
DA:16,1
DA:17,1
DA:18,1
DA:19,1
DA:20,1
DA:21,1
DA:22,1
DA:23,1
DA:24,1
DA:25,1
DA:26,1
DA:27,1
DA:28,1
DA:29,1
DA:30,1
DA:31,1
DA:32,1
DA:33,1
DA:34,0
DA:35,0
DA:36,0
DA:37,0
DA:38,0
DA:39,0
DA:40,2
DA:41,1
DA:42,1
DA:43,1
DA:44,1
DA:45,1
DA:46,1
DA:47,1
DA:48,1
DA:49,1
DA:50,1
DA:51,1
DA:52,0
DA:53,0
DA:54,1
DA:55,1
DA:56,1
DA:57,1
DA:58,1
DA:59,1
DA:60,1
DA:61,1
DA:62,1
DA:63,1
DA:64,1
DA:65,1
DA:66,1
DA:67,1
DA:68,0
DA:69,0
DA:70,1
DA:71,1
DA:72,1
DA:73,1
DA:74,1
DA:75,1
DA:76,1
DA:77,1
DA:78,1
DA:79,1
DA:80,1
DA:81,1
DA:82,1
DA:83,0
DA:84,0
DA:85,1
DA:86,1
DA:87,1
DA:88,1
DA:89,1
DA:90,0
DA:91,0
DA:92,1
DA:93,1
DA:94,1
DA:95,2
DA:96,2
DA:97,2
DA:98,2
DA:99,2
DA:100,2
DA:101,2
DA:102,2
DA:103,0
DA:104,0
DA:105,2
DA:106,2
DA:107,2
DA:108,2
DA:109,2
DA:110,2
DA:111,2
DA:112,2
DA:113,2
DA:114,2
DA:115,2
DA:116,2
DA:117,2
DA:118,2
DA:119,2
DA:120,2
DA:121,1
DA:122,1
DA:123,1
DA:124,1
DA:125,1
DA:126,1
DA:127,1
DA:128,1
DA:129,2
DA:130,2
DA:131,2
DA:132,2
DA:133,0
DA:134,0
DA:135,2
DA:136,1
DA:137,1
DA:138,1
DA:139,1
DA:140,1
DA:141,1
DA:142,1
DA:143,1
DA:144,1
DA:145,1
DA:146,1
DA:147,1
DA:148,1
DA:149,1
DA:150,1
DA:151,1
DA:152,1
DA:153,1
DA:154,1
DA:155,1
DA:156,0
DA:157,0
DA:158,0
DA:159,0
DA:160,0
DA:161,1
DA:162,1
DA:163,1
DA:164,1
DA:165,1
DA:166,1
DA:167,1
DA:168,1
DA:169,1
DA:170,1
DA:171,1
LF:171
LH:148
BRDA:6,0,0,2
BRDA:11,1,0,1
BRDA:11,2,0,1
BRDA:11,3,0,1
BRDA:11,4,0,1
BRDA:11,5,0,1
BRDA:33,6,0,0
BRDA:42,7,0,1
BRDA:51,8,0,0
BRDA:56,9,0,1
BRDA:67,10,0,0
BRDA:73,11,0,1
BRDA:82,12,0,0
BRDA:89,13,0,0
BRDA:94,14,0,2
BRDA:102,15,0,0
BRDA:120,16,0,1
BRDA:132,17,0,0
BRDA:140,18,0,1
BRDA:155,19,0,0
BRF:20
BRH:12
end_of_record
TN:
SF:src/middleware/admin.authorization.js
FN:3,Object.<anonymous>.module.exports.adminAuthorization
FNF:1
FNH:1
FNDA:5,Object.<anonymous>.module.exports.adminAuthorization
DA:1,1
DA:2,1
DA:3,1
DA:4,5
DA:5,5
DA:6,5
DA:7,1
DA:8,5
DA:9,4
DA:10,4
DA:11,4
DA:12,4
DA:13,1
DA:14,4
DA:15,3
DA:16,3
DA:17,3
DA:18,1
DA:19,1
DA:20,3
DA:21,1
DA:22,1
DA:23,1
DA:24,1
DA:25,3
DA:26,3
DA:27,4
DA:28,5
DA:29,5
DA:30,0
DA:31,0
DA:32,5
LF:32
LH:30
BRDA:3,0,0,5
BRDA:6,1,0,1
BRDA:8,2,0,4
BRDA:12,3,0,1
BRDA:14,4,0,3
BRDA:29,5,0,0
BRDA:15,6,0,3
BRDA:17,7,0,1
BRDA:19,8,0,2
BRDA:20,9,0,1
BRF:10
BRH:9
end_of_record
TN:
SF:src/middleware/authorization.js
FN:3,Object.<anonymous>.module.exports.authorization
FNF:1
FNH:1
FNDA:5,Object.<anonymous>.module.exports.authorization
DA:1,1
DA:2,1
DA:3,1
DA:4,5
DA:5,5
DA:6,5
DA:7,1
DA:8,5
DA:9,4
DA:10,4
DA:11,4
DA:12,1
DA:13,4
DA:14,3
DA:15,3
DA:16,1
DA:17,1
DA:18,3
DA:19,1
DA:20,1
DA:21,1
DA:22,1
DA:23,3
DA:24,3
DA:25,4
DA:26,5
DA:27,0
DA:28,0
DA:29,5
LF:29
LH:27
BRDA:3,0,0,5
BRDA:6,1,0,1
BRDA:8,2,0,4
BRDA:11,3,0,1
BRDA:13,4,0,3
BRDA:26,5,0,0
BRDA:14,6,0,3
BRDA:15,7,0,1
BRDA:17,8,0,2
BRDA:18,9,0,1
BRF:10
BRH:9
end_of_record
TN:
SF:src/utils/validators.js
FNF:0
FNH:0
DA:1,1
DA:2,1
DA:3,1
DA:4,1
DA:5,1
DA:6,1
DA:7,1
DA:8,1
DA:9,1
DA:10,1
DA:11,1
DA:12,1
DA:13,1
DA:14,1
DA:15,1
DA:16,1
DA:17,1
DA:18,1
DA:19,1
DA:20,1
DA:21,1
DA:22,1
DA:23,1
DA:24,1
DA:25,1
DA:26,1
DA:27,1
DA:28,1
DA:29,1
DA:30,1
DA:31,1
DA:32,1
DA:33,1
DA:34,1
DA:35,1
DA:36,1
DA:37,1
DA:38,1
DA:39,1
DA:40,1
DA:41,1
DA:42,1
DA:43,1
DA:44,1
DA:45,1
DA:46,1
DA:47,1
DA:48,1
DA:49,1
DA:50,1
DA:51,1
DA:52,1
DA:53,1
DA:54,1
DA:55,1
DA:56,1
DA:57,1
DA:58,1
DA:59,1
DA:60,1
DA:61,1
DA:62,1
DA:63,1
DA:64,1
DA:65,1
DA:66,1
DA:67,1
DA:68,1
DA:69,1
DA:70,1
DA:71,1
DA:72,1
DA:73,1
DA:74,1
DA:75,1
DA:76,1
DA:77,1
DA:78,1
DA:79,1
DA:80,1
DA:81,1
DA:82,1
DA:83,1
DA:84,1
DA:85,1
DA:86,1
DA:87,1
DA:88,1
DA:89,1
DA:90,1
DA:91,1
DA:92,1
DA:93,1
DA:94,1
DA:95,1
DA:96,1
DA:97,1
DA:98,1
DA:99,1
DA:100,1
DA:101,1
DA:102,1
DA:103,1
DA:104,1
DA:105,1
DA:106,1
DA:107,1
DA:108,1
DA:109,1
DA:110,1
DA:111,1
DA:112,1
DA:113,1
DA:114,1
DA:115,1
DA:116,1
DA:117,1
DA:118,1
DA:119,1
DA:120,1
DA:121,1
DA:122,1
DA:123,1
DA:124,1
DA:125,1
DA:126,1
LF:126
LH:126
BRF:0
BRH:0
end_of_record
